lcl|LYMC01000001.1	lcl|AL009126.3	98.462	3966	28	26	1	3945	169539	165586	0.0	6955
lcl|LYMC01000001.1	lcl|AL009126.3	98.823	3483	18	18	1	3465	99431	95954	0.0	6183
lcl|LYMC01000001.1	lcl|AL009126.3	98.786	3213	13	21	1	3195	174535	171331	0.0	5694
lcl|LYMC01000001.1	lcl|AL009126.3	98.405	3260	4	23	3824	7036	35353	32095	0.0	5688
lcl|LYMC01000001.1	lcl|AL009126.3	98.802	3172	15	18	1	3157	93575	90412	0.0	5626
lcl|LYMC01000001.1	lcl|AL009126.3	98.379	3208	26	22	1	3193	163930	160734	0.0	5613
lcl|LYMC01000001.1	lcl|AL009126.3	99.244	3044	7	15	1	3029	638476	635434	0.0	5480
lcl|LYMC01000001.1	lcl|AL009126.3	99.244	3044	7	15	1	3029	949739	946697	0.0	5480
lcl|LYMC01000001.1	lcl|AL009126.3	98.949	3044	16	15	1	3029	3175597	3178639	0.0	5430
lcl|LYMC01000001.1	lcl|AL009126.3	98.330	3114	2	25	4025	7089	640131	637019	0.0	5417
lcl|LYMC01000001.1	lcl|AL009126.3	98.294	3106	4	24	4033	7089	951387	948282	0.0	5397
lcl|LYMC01000001.1	lcl|AL009126.3	98.202	3114	6	25	4025	7089	3173942	3177054	0.0	5395
lcl|LYMC01000001.1	lcl|AL009126.3	98.202	3114	3	26	4025	7089	95230	92121	0.0	5391
lcl|LYMC01000001.1	lcl|AL009126.3	98.170	3114	4	26	4025	7089	176190	173081	0.0	5385
lcl|LYMC01000001.1	lcl|AL009126.3	98.137	3114	5	26	4025	7089	101086	97977	0.0	5380
lcl|LYMC01000001.1	lcl|AL009126.3	98.041	3114	6	28	4025	7089	165584	162477	0.0	5361
lcl|LYMC01000001.1	lcl|AL009126.3	97.945	3115	5	32	4025	7089	171190	168085	0.0	5343
lcl|LYMC01000001.1	lcl|AL009126.3	98.235	3060	5	24	4025	7036	14685	11627	0.0	5306
lcl|LYMC01000001.1	lcl|AL009126.3	98.686	1750	10	13	1411	3152	31905	30161	0.0	3092
lcl|LYMC01000001.1	lcl|AL009126.3	99.262	1627	4	8	1411	3029	11437	9811	0.0	2931
lcl|LYMC01000001.1	lcl|AL009126.3	99.146	1405	4	7	1	1398	33498	32095	0.0	2521
lcl|LYMC01000001.1	lcl|AL009126.3	99.004	1405	6	7	1	1398	13030	11627	0.0	2510
lcl|LYMC01000001.1	lcl|AL009126.3	93.536	263	4	6	3203	3465	3172967	3173216	1.51e-104	379
lcl|LYMC01000001.1	lcl|AL009126.3	100.000	122	0	0	3824	3945	14808	14687	2.08e-58	226
lcl|LYMC01000001.1	lcl|AL009126.3	99.206	126	0	1	3820	3945	95356	95232	2.08e-58	226
lcl|LYMC01000001.1	lcl|AL009126.3	100.000	122	0	0	3824	3945	101209	101088	2.08e-58	226
lcl|LYMC01000001.1	lcl|AL009126.3	99.206	126	0	1	3820	3945	171316	171192	2.08e-58	226
lcl|LYMC01000001.1	lcl|AL009126.3	100.000	122	0	0	3824	3945	176313	176192	2.08e-58	226
lcl|LYMC01000001.1	lcl|AL009126.3	100.000	122	0	0	3824	3945	640254	640133	2.08e-58	226
lcl|LYMC01000001.1	lcl|AL009126.3	99.206	126	0	1	3820	3945	3173816	3173940	2.08e-58	226
lcl|LYMC01000001.1	lcl|AL009126.3	92.248	129	9	1	3816	3943	951582	951454	4.56e-45	182
lcl|LYMC01000001.1	lcl|AL009126.3	89.062	128	8	3	3031	3157	946631	946509	9.94e-37	154
lcl|LYMC01000001.1	lcl|AL009126.3	84.568	162	17	6	3031	3189	3178705	3178861	9.94e-37	154
lcl|LYMC01000001.1	lcl|AL009126.3	95.699	93	3	1	3031	3123	9745	9654	4.62e-35	148
lcl|LYMC01000001.1	lcl|AL009126.3	100.000	80	0	0	3384	3463	635189	635110	4.62e-35	148
lcl|LYMC01000001.1	lcl|AL009126.3	96.629	89	3	0	3031	3119	635368	635280	4.62e-35	148
lcl|LYMC01000001.1	lcl|AL009126.3	100.000	79	0	0	3703	3781	951658	951580	1.66e-34	147
lcl|LYMC01000001.1	lcl|AL009126.3	100.000	77	0	0	3200	3276	11628	11552	2.15e-33	143
lcl|LYMC01000001.1	lcl|AL009126.3	100.000	77	0	0	3200	3276	32096	32020	2.15e-33	143
lcl|LYMC01000001.1	lcl|AL009126.3	97.531	81	1	1	3491	3570	952779	952699	1.00e-31	137
lcl|LYMC01000001.1	lcl|AL009126.3	98.684	76	0	1	3495	3569	95846	95771	1.29e-30	134
lcl|LYMC01000001.1	lcl|AL009126.3	95.294	85	3	1	3486	3569	3173315	3173399	1.29e-30	134
lcl|LYMC01000001.1	lcl|AL009126.3	95.062	81	4	0	3704	3784	528779	528699	6.02e-29	128
lcl|LYMC01000001.1	lcl|AL009126.3	94.737	76	4	0	3705	3780	3172070	3172145	3.62e-26	119
lcl|LYMC01000002.1	lcl|AL009126.3	95.372	136798	6020	178	983184	1119827	988401	1125041	0.0	2.173e+05
lcl|LYMC01000002.1	lcl|AL009126.3	95.787	128978	5241	117	2065105	2194007	2297860	2426719	0.0	2.079e+05
lcl|LYMC01000002.1	lcl|AL009126.3	96.667	108546	3530	41	1655076	1763589	1671736	1780225	0.0	1.803e+05
lcl|LYMC01000002.1	lcl|AL009126.3	96.294	103633	3784	49	1550600	1654199	1567527	1671135	0.0	1.700e+05
lcl|LYMC01000002.1	lcl|AL009126.3	96.260	75008	2704	74	2700399	2775348	2954450	3029414	0.0	1.229e+05
lcl|LYMC01000002.1	lcl|AL009126.3	95.593	75615	3128	139	1465395	1540873	1482207	1557753	0.0	1.210e+05
lcl|LYMC01000002.1	lcl|AL009126.3	95.599	74500	3157	88	3689533	3763961	3852047	3926495	0.0	1.193e+05
lcl|LYMC01000002.1	lcl|AL009126.3	98.000	64510	1267	20	2305	66804	101088	165584	0.0	1.120e+05
lcl|LYMC01000002.1	lcl|AL009126.3	95.413	66800	2968	62	2853472	2920235	3107201	3173940	0.0	1.063e+05
lcl|LYMC01000002.1	lcl|AL009126.3	96.219	64004	2364	42	3165619	3229593	3355571	3419547	0.0	1.047e+05
lcl|LYMC01000002.1	lcl|AL009126.3	95.373	65880	2922	85	2775711	2841521	3029753	3095575	0.0	1.047e+05
lcl|LYMC01000002.1	lcl|AL009126.3	94.315	68372	3674	161	1148172	1216430	1159865	1228136	0.0	1.045e+05
lcl|LYMC01000002.1	lcl|AL009126.3	96.437	60292	2122	16	2355599	2415878	2588578	2648855	0.0	99415
lcl|LYMC01000002.1	lcl|AL009126.3	95.447	60311	2665	51	328226	388483	430335	490617	0.0	96085
lcl|LYMC01000002.1	lcl|AL009126.3	95.290	59444	2698	73	1368728	1428111	1382485	1441886	0.0	94167
lcl|LYMC01000002.1	lcl|AL009126.3	95.958	57120	2262	33	3283127	3340231	3476513	3533600	0.0	92645
lcl|LYMC01000002.1	lcl|AL009126.3	95.787	57134	2291	63	2585805	2642845	2841065	2898175	0.0	92065
lcl|LYMC01000002.1	lcl|AL009126.3	92.840	63405	4371	94	1867873	1931203	1957817	2021126	0.0	91779
lcl|LYMC01000002.1	lcl|AL009126.3	94.723	57339	2899	99	1266375	1323649	1279215	1336490	0.0	89004
lcl|LYMC01000002.1	lcl|AL009126.3	96.705	48806	1575	27	3599484	3648282	3774383	3823162	0.0	81189
lcl|LYMC01000002.1	lcl|AL009126.3	94.805	51549	2502	82	2234048	2285504	2466315	2517779	0.0	80195
lcl|LYMC01000002.1	lcl|AL009126.3	94.766	50132	2540	62	217560	267633	319156	369261	0.0	77962
lcl|LYMC01000002.1	lcl|AL009126.3	94.961	46038	2143	91	1982571	2028476	2079029	2125021	0.0	72000
lcl|LYMC01000002.1	lcl|AL009126.3	95.749	44411	1744	76	2505280	2549618	2757954	2802292	0.0	71420
lcl|LYMC01000002.1	lcl|AL009126.3	96.947	42522	1257	32	4107771	4150267	51504	94009	0.0	71294
lcl|LYMC01000002.1	lcl|AL009126.3	95.390	44536	1970	50	3229751	3274248	3419580	3464070	0.0	70792
lcl|LYMC01000002.1	lcl|AL009126.3	95.026	44596	2115	49	3481698	3526250	3673184	3717719	0.0	69970
lcl|LYMC01000002.1	lcl|AL009126.3	96.232	42672	1520	52	821652	864261	910651	953296	0.0	69811
lcl|LYMC01000002.1	lcl|AL009126.3	96.179	42525	1560	38	2285729	2328229	2517930	2560413	0.0	69466
lcl|LYMC01000002.1	lcl|AL009126.3	95.860	40558	1608	52	3003316	3043839	3213787	3254307	0.0	65529
lcl|LYMC01000002.1	lcl|AL009126.3	94.709	40349	2057	51	140561	180860	241907	282226	0.0	62611
lcl|LYMC01000002.1	lcl|AL009126.3	95.274	39461	1793	57	3791754	3831167	3949948	3989383	0.0	62473
lcl|LYMC01000002.1	lcl|AL009126.3	96.990	36846	1096	11	4070758	4107595	14687	51527	0.0	61886
lcl|LYMC01000002.1	lcl|AL009126.3	94.823	39657	2005	27	267624	307254	369370	409004	0.0	61815
lcl|LYMC01000002.1	lcl|AL009126.3	95.915	35865	1443	17	2549805	2585652	2805206	2841065	0.0	58094
lcl|LYMC01000002.1	lcl|AL009126.3	95.123	36315	1709	43	3058553	3094824	3268995	3305290	0.0	57193
lcl|LYMC01000002.1	lcl|AL009126.3	95.171	35846	1676	41	181773	217582	283129	318955	0.0	56554
lcl|LYMC01000002.1	lcl|AL009126.3	95.538	35054	1517	34	946502	981521	953373	988413	0.0	56024
lcl|LYMC01000002.1	lcl|AL009126.3	95.424	34811	1545	30	3349374	3384144	3545832	3580634	0.0	55415
lcl|LYMC01000002.1	lcl|AL009126.3	95.662	32711	1357	47	1216614	1249290	1228108	1260790	0.0	52488
lcl|LYMC01000002.1	lcl|AL009126.3	95.619	31525	1301	45	3439549	3471047	3635591	3667061	0.0	50492
lcl|LYMC01000002.1	lcl|AL009126.3	96.213	30469	1129	20	580320	610776	694372	724827	0.0	49849
lcl|LYMC01000002.1	lcl|AL009126.3	96.174	28752	1062	27	2642939	2671667	2898270	2927006	0.0	46966
lcl|LYMC01000002.1	lcl|AL009126.3	96.212	26903	982	32	401892	428786	502652	529525	0.0	44001
lcl|LYMC01000002.1	lcl|AL009126.3	94.845	28168	1391	29	1120015	1148143	1130933	1159078	0.0	43916
lcl|LYMC01000002.1	lcl|AL009126.3	94.513	27630	1391	63	1332955	1360514	1346756	1374330	0.0	42509
lcl|LYMC01000002.1	lcl|AL009126.3	94.987	27112	1321	25	2328532	2355619	2560466	2587563	0.0	42503
lcl|LYMC01000002.1	lcl|AL009126.3	95.486	26230	1126	35	4029872	4056058	4189392	4215606	0.0	41825
lcl|LYMC01000002.1	lcl|AL009126.3	96.005	25255	976	23	3413954	3439182	3609974	3635221	0.0	41017
lcl|LYMC01000002.1	lcl|AL009126.3	95.533	25497	1099	17	82323	107796	176781	202260	0.0	40738
lcl|LYMC01000002.1	lcl|AL009126.3	95.337	25587	1140	35	2202382	2227939	2434728	2460290	0.0	40592
lcl|LYMC01000002.1	lcl|AL009126.3	95.787	25066	1041	13	3099654	3124712	3309945	3335002	0.0	40424
lcl|LYMC01000002.1	lcl|AL009126.3	94.673	25923	1289	56	2028568	2054427	2126153	2152046	0.0	40136
lcl|LYMC01000002.1	lcl|AL009126.3	96.165	24067	882	25	3994332	4018385	4147310	4171348	0.0	39292
lcl|LYMC01000002.1	lcl|AL009126.3	95.530	24181	1026	26	3908481	3932625	4063646	4087807	0.0	38614
lcl|LYMC01000002.1	lcl|AL009126.3	96.161	23391	873	21	743197	766573	822893	846272	0.0	38197
lcl|LYMC01000002.1	lcl|AL009126.3	95.085	23744	1136	21	3649026	3672762	3823530	3847249	0.0	37353
lcl|LYMC01000002.1	lcl|AL009126.3	95.372	23336	1016	43	1827112	1850412	1917269	1940575	0.0	37052
lcl|LYMC01000002.1	lcl|AL009126.3	95.888	22740	907	21	715786	738508	791090	813818	0.0	36788
lcl|LYMC01000002.1	lcl|AL009126.3	95.913	20944	849	7	3885955	3906896	4041358	4062296	0.0	33927
lcl|LYMC01000002.1	lcl|AL009126.3	95.601	21094	898	18	307249	328333	409196	430268	0.0	33785
lcl|LYMC01000002.1	lcl|AL009126.3	95.604	20586	833	35	2920316	2940860	3173942	3194496	0.0	32936
lcl|LYMC01000002.1	lcl|AL009126.3	94.719	20660	1075	9	680514	701172	753358	774002	0.0	32094
lcl|LYMC01000002.1	lcl|AL009126.3	95.730	19885	801	40	1768307	1788168	1859941	1879800	0.0	31974
lcl|LYMC01000002.1	lcl|AL009126.3	95.671	19614	812	26	1432004	1451602	1447024	1466615	0.0	31482
lcl|LYMC01000002.1	lcl|AL009126.3	95.176	19549	846	44	3563611	3583120	3742345	3761835	0.0	30786
lcl|LYMC01000002.1	lcl|AL009126.3	95.616	19025	825	9	3391054	3410072	3582949	3601970	0.0	30504
lcl|LYMC01000002.1	lcl|AL009126.3	95.063	19242	924	23	2983954	3003184	3194407	3213633	0.0	30247
lcl|LYMC01000002.1	lcl|AL009126.3	93.927	19267	1071	49	3138946	3158135	3335302	3354546	0.0	29006
lcl|LYMC01000002.1	lcl|AL009126.3	94.841	18278	879	36	548872	567103	664154	682413	0.0	28470
lcl|LYMC01000002.1	lcl|AL009126.3	94.793	17763	844	44	500415	518126	603961	621693	0.0	27602
lcl|LYMC01000002.1	lcl|AL009126.3	95.953	15394	613	7	2684984	2700374	2938292	2953678	0.0	24967
lcl|LYMC01000002.1	lcl|AL009126.3	95.031	15397	687	36	3537706	3553067	3726240	3741593	0.0	24123
lcl|LYMC01000002.1	lcl|AL009126.3	94.537	14627	759	24	701172	715786	774107	788705	0.0	22548
lcl|LYMC01000002.1	lcl|AL009126.3	94.948	13916	681	17	118897	132802	219065	232968	0.0	21784
lcl|LYMC01000002.1	lcl|AL009126.3	95.974	13265	526	8	778547	791805	861534	874796	0.0	21531
lcl|LYMC01000002.1	lcl|AL009126.3	98.842	11223	90	33	66884	78094	165586	176780	0.0	19968
lcl|LYMC01000002.1	lcl|AL009126.3	95.356	12445	558	17	3776676	3789114	3937524	3949954	0.0	19762
lcl|LYMC01000002.1	lcl|AL009126.3	94.517	12786	672	22	3833121	3845892	3992569	4005339	0.0	19701
lcl|LYMC01000002.1	lcl|AL009126.3	96.613	11750	375	16	536016	547756	640133	651868	0.0	19472
lcl|LYMC01000002.1	lcl|AL009126.3	95.231	12245	565	16	1453136	1465372	1466603	1478836	0.0	19359
lcl|LYMC01000002.1	lcl|AL009126.3	95.758	12000	480	19	388592	400586	490663	502638	0.0	19313
lcl|LYMC01000002.1	lcl|AL009126.3	94.844	12160	579	21	518183	530319	621818	633952	0.0	18938
lcl|LYMC01000002.1	lcl|AL009126.3	96.448	11373	402	2	2842130	2853500	3095652	3107024	0.0	18763
lcl|LYMC01000002.1	lcl|AL009126.3	94.992	11682	566	10	3979054	3990725	4135630	4147302	0.0	18314
lcl|LYMC01000002.1	lcl|AL009126.3	95.310	11451	509	17	767036	778467	850084	861525	0.0	18146
lcl|LYMC01000002.1	lcl|AL009126.3	96.464	10915	379	7	3046457	3057368	3256894	3267804	0.0	18011
lcl|LYMC01000002.1	lcl|AL009126.3	94.614	11642	605	15	803740	815367	887279	898912	0.0	18005
lcl|LYMC01000002.1	lcl|AL009126.3	95.980	10895	422	10	3763931	3774814	3926659	3937548	0.0	17679
lcl|LYMC01000002.1	lcl|AL009126.3	94.402	11505	635	4	1856286	1867788	1946160	1957657	0.0	17669
lcl|LYMC01000002.1	lcl|AL009126.3	94.830	11316	579	6	2671796	2683108	2926978	2938290	0.0	17651
lcl|LYMC01000002.1	lcl|AL009126.3	95.225	10702	495	9	2054412	2065104	2286433	2297127	0.0	16918
lcl|LYMC01000002.1	lcl|AL009126.3	95.511	10180	440	12	3956537	3966711	4110940	4121107	0.0	16251
lcl|LYMC01000002.1	lcl|AL009126.3	96.573	9745	332	2	4056059	4065802	1	9744	0.0	16144
lcl|LYMC01000002.1	lcl|AL009126.3	94.255	10478	554	20	793274	803742	876291	886729	0.0	15970
lcl|LYMC01000002.1	lcl|AL009126.3	95.065	10152	485	16	656050	666193	726002	736145	0.0	15958
lcl|LYMC01000002.1	lcl|AL009126.3	96.326	9527	344	5	1540996	1550518	1557950	1567474	0.0	15649
lcl|LYMC01000002.1	lcl|AL009126.3	95.335	9261	411	10	3340231	3349478	3533643	3542895	0.0	14689
lcl|LYMC01000002.1	lcl|AL009126.3	95.438	8110	356	13	1360526	1368627	1374371	1382474	0.0	12914
lcl|LYMC01000002.1	lcl|AL009126.3	93.955	8520	500	14	3943265	3951773	4102430	4110945	0.0	12866
lcl|LYMC01000002.1	lcl|AL009126.3	96.175	7817	295	2	3867315	3875131	4023852	4031664	0.0	12776
lcl|LYMC01000002.1	lcl|AL009126.3	94.802	8099	394	20	3852984	3861059	4011840	4019934	0.0	12598
lcl|LYMC01000002.1	lcl|AL009126.3	94.265	8004	429	19	1257620	1265608	1270471	1278459	0.0	12211
lcl|LYMC01000002.1	lcl|AL009126.3	95.134	7583	341	17	3583156	3590724	3761915	3769483	0.0	11934
lcl|LYMC01000002.1	lcl|AL009126.3	92.386	7998	512	48	1799635	1807556	1886922	1894898	0.0	11306
lcl|LYMC01000002.1	lcl|AL009126.3	93.329	7000	438	21	1938417	1945402	2028176	2035160	0.0	10312
lcl|LYMC01000002.1	lcl|AL009126.3	96.559	6219	200	7	2194020	2200228	2426798	2433012	0.0	10286
lcl|LYMC01000002.1	lcl|AL009126.3	96.143	6249	241	0	571887	578135	688034	694282	0.0	10205
lcl|LYMC01000002.1	lcl|AL009126.3	95.297	6294	286	6	3846659	3852944	4005393	4011684	0.0	9974
lcl|LYMC01000002.1	lcl|AL009126.3	94.538	6426	333	10	4019341	4025763	4176916	4183326	0.0	9906
lcl|LYMC01000002.1	lcl|AL009126.3	99.468	5262	19	6	67365	72622	95954	101210	0.0	9553
lcl|LYMC01000002.1	lcl|AL009126.3	95.335	6002	274	5	2228035	2234033	2460252	2466250	0.0	9527
lcl|LYMC01000002.1	lcl|AL009126.3	99.635	5205	16	3	4065713	4070916	30188	35390	0.0	9503
lcl|LYMC01000002.1	lcl|AL009126.3	95.545	5858	256	5	1324618	1330473	1337579	1343433	0.0	9367
lcl|LYMC01000002.1	lcl|AL009126.3	93.672	6258	389	6	1931373	1937625	2021191	2027446	0.0	9356
lcl|LYMC01000002.1	lcl|AL009126.3	92.366	6576	470	22	451927	458483	561524	568086	0.0	9334
lcl|LYMC01000002.1	lcl|AL009126.3	94.848	5939	286	9	3527624	3533548	3719136	3725068	0.0	9254
lcl|LYMC01000002.1	lcl|AL009126.3	99.424	5031	22	5	72637	77665	96223	101248	0.0	9123
lcl|LYMC01000002.1	lcl|AL009126.3	92.876	6275	422	18	815358	821624	903729	909986	0.0	9088
lcl|LYMC01000002.1	lcl|AL009126.3	99.479	4992	13	9	67636	72622	171331	176314	0.0	9062
lcl|LYMC01000002.1	lcl|AL009126.3	93.615	6092	351	28	470200	476272	581536	587608	0.0	9060
lcl|LYMC01000002.1	lcl|AL009126.3	99.477	4969	16	6	67674	72640	90412	95372	0.0	9023
lcl|LYMC01000002.1	lcl|AL009126.3	99.299	4996	20	13	72637	77628	166330	171314	0.0	9018
lcl|LYMC01000002.1	lcl|AL009126.3	99.238	4985	27	7	72646	77628	90379	95354	0.0	8985
lcl|LYMC01000002.1	lcl|AL009126.3	99.138	4991	26	13	67638	72624	160734	165711	0.0	8962
lcl|LYMC01000002.1	lcl|AL009126.3	99.157	4983	28	10	72646	77627	160738	165707	0.0	8957
lcl|LYMC01000002.1	lcl|AL009126.3	99.692	4876	13	2	4065804	4070678	9811	14685	0.0	8920
lcl|LYMC01000002.1	lcl|AL009126.3	99.651	4876	16	1	4086346	4091221	9811	14685	0.0	8909
lcl|LYMC01000002.1	lcl|AL009126.3	98.957	4984	39	11	2920324	2925297	951387	946407	0.0	8903
lcl|LYMC01000002.1	lcl|AL009126.3	99.834	4821	6	2	67803	72621	635434	640254	0.0	8857
lcl|LYMC01000002.1	lcl|AL009126.3	99.834	4821	7	1	72808	77627	635434	640254	0.0	8857
lcl|LYMC01000002.1	lcl|AL009126.3	98.756	4984	49	10	857387	862364	3178925	3173949	0.0	8848
lcl|LYMC01000002.1	lcl|AL009126.3	99.628	4845	16	2	857522	862364	635280	640124	0.0	8846
lcl|LYMC01000002.1	lcl|AL009126.3	99.526	4853	19	4	2920316	2925165	640131	635280	0.0	8831
lcl|LYMC01000002.1	lcl|AL009126.3	99.607	4838	17	2	67803	72638	3178639	3173802	0.0	8828
lcl|LYMC01000002.1	lcl|AL009126.3	99.627	4822	17	1	72808	77628	3178639	3173818	0.0	8804
lcl|LYMC01000002.1	lcl|AL009126.3	99.177	4863	32	6	61945	66804	90373	95230	0.0	8752
lcl|LYMC01000002.1	lcl|AL009126.3	99.645	4790	10	5	62017	66804	96302	101086	0.0	8745
lcl|LYMC01000002.1	lcl|AL009126.3	99.562	4791	10	9	62017	66804	171408	176190	0.0	8720
lcl|LYMC01000002.1	lcl|AL009126.3	99.541	4790	15	5	531149	535936	90446	95230	0.0	8717
lcl|LYMC01000002.1	lcl|AL009126.3	99.520	4790	16	5	531149	535936	96302	101086	0.0	8711
lcl|LYMC01000002.1	lcl|AL009126.3	99.478	4789	16	7	531149	535936	160804	165584	0.0	8696
lcl|LYMC01000002.1	lcl|AL009126.3	99.436	4791	16	9	531149	535936	171408	176190	0.0	8687
lcl|LYMC01000002.1	lcl|AL009126.3	99.437	4792	12	13	62017	66804	166410	171190	0.0	8685
lcl|LYMC01000002.1	lcl|AL009126.3	99.311	4792	18	13	531149	535936	166410	171190	0.0	8652
lcl|LYMC01000002.1	lcl|AL009126.3	99.830	4699	6	2	62107	66804	635434	640131	0.0	8632
lcl|LYMC01000002.1	lcl|AL009126.3	99.829	4691	7	1	62107	66796	946697	951387	0.0	8617
lcl|LYMC01000002.1	lcl|AL009126.3	99.808	4691	7	2	67803	72491	946697	951387	0.0	8612
lcl|LYMC01000002.1	lcl|AL009126.3	99.808	4691	8	1	72808	77497	946697	951387	0.0	8612
lcl|LYMC01000002.1	lcl|AL009126.3	91.789	6248	417	45	1950647	1956834	2041327	2047538	0.0	8608
lcl|LYMC01000002.1	lcl|AL009126.3	99.723	4700	11	2	531237	535936	635434	640131	0.0	8606
lcl|LYMC01000002.1	lcl|AL009126.3	99.787	4689	9	1	531237	535925	946697	951384	0.0	8602
lcl|LYMC01000002.1	lcl|AL009126.3	99.681	4699	9	4	2920316	2925012	95230	90536	0.0	8589
lcl|LYMC01000002.1	lcl|AL009126.3	99.660	4699	10	4	2920316	2925012	101086	96392	0.0	8584
lcl|LYMC01000002.1	lcl|AL009126.3	99.680	4691	11	2	857675	862364	90536	95223	0.0	8576
lcl|LYMC01000002.1	lcl|AL009126.3	99.617	4699	16	2	62107	66804	3178639	3173942	0.0	8576
lcl|LYMC01000002.1	lcl|AL009126.3	99.659	4691	12	2	857675	862364	96392	101079	0.0	8571
lcl|LYMC01000002.1	lcl|AL009126.3	99.553	4700	19	2	531237	535936	3178639	3173942	0.0	8562
lcl|LYMC01000002.1	lcl|AL009126.3	99.574	4699	11	7	2920316	2925012	165584	160893	0.0	8558
lcl|LYMC01000002.1	lcl|AL009126.3	99.532	4700	12	8	2920316	2925012	176190	171498	0.0	8549
lcl|LYMC01000002.1	lcl|AL009126.3	99.574	4692	12	6	857675	862364	171498	176183	0.0	8547
lcl|LYMC01000002.1	lcl|AL009126.3	99.574	4691	13	5	857675	862364	160893	165577	0.0	8545
lcl|LYMC01000002.1	lcl|AL009126.3	99.404	4701	14	12	2920316	2925012	171190	166500	0.0	8514
lcl|LYMC01000002.1	lcl|AL009126.3	99.446	4693	14	10	857675	862364	166500	171183	0.0	8512
lcl|LYMC01000002.1	lcl|AL009126.3	92.143	6007	406	31	110458	116431	204955	210928	0.0	8418
lcl|LYMC01000002.1	lcl|AL009126.3	96.439	4998	176	2	3274298	3279295	3467583	3472578	0.0	8242
lcl|LYMC01000002.1	lcl|AL009126.3	94.102	5426	312	7	134678	140096	233023	238447	0.0	8240
lcl|LYMC01000002.1	lcl|AL009126.3	93.613	5433	282	41	460316	465690	570282	575707	0.0	8050
lcl|LYMC01000002.1	lcl|AL009126.3	95.851	4796	197	2	3934503	3939298	4087872	4092665	0.0	7753
lcl|LYMC01000002.1	lcl|AL009126.3	96.174	4678	152	19	3094813	3099481	3305310	3309969	0.0	7622
lcl|LYMC01000002.1	lcl|AL009126.3	94.983	4664	224	6	738529	743186	814254	818913	0.0	7308
lcl|LYMC01000002.1	lcl|AL009126.3	93.880	4820	265	21	567114	571911	683048	687859	0.0	7239
lcl|LYMC01000002.1	lcl|AL009126.3	96.815	4081	130	0	3677144	3681224	3847854	3851934	0.0	6817
lcl|LYMC01000002.1	lcl|AL009126.3	94.840	4341	214	4	3595157	3599497	3769922	3774252	0.0	6767
lcl|LYMC01000002.1	lcl|AL009126.3	95.642	4107	175	4	3876815	3880919	4031757	4035861	0.0	6589
lcl|LYMC01000002.1	lcl|AL009126.3	98.764	3642	23	16	4146641	4150267	96231	99865	0.0	6457
lcl|LYMC01000002.1	lcl|AL009126.3	98.600	3644	29	19	4146635	4150267	160732	164364	0.0	6427
lcl|LYMC01000002.1	lcl|AL009126.3	98.628	3644	22	22	4146641	4150267	171337	174969	0.0	6427
lcl|LYMC01000002.1	lcl|AL009126.3	98.600	3644	26	19	4146637	4150264	166335	169969	0.0	6423
lcl|LYMC01000002.1	lcl|AL009126.3	93.947	4246	252	3	476272	480513	587686	591930	0.0	6412
lcl|LYMC01000002.1	lcl|AL009126.3	94.021	4215	225	11	1822866	1827065	1912909	1917111	0.0	6362
lcl|LYMC01000002.1	lcl|AL009126.3	99.511	3480	4	12	4146798	4150267	946697	950173	0.0	6320
lcl|LYMC01000002.1	lcl|AL009126.3	99.454	3480	6	12	4146798	4150267	635434	638910	0.0	6309
lcl|LYMC01000002.1	lcl|AL009126.3	99.253	3480	13	12	4146798	4150267	3178639	3175163	0.0	6270
lcl|LYMC01000002.1	lcl|AL009126.3	99.847	3260	4	1	63746	67005	32095	35353	0.0	5991
lcl|LYMC01000002.1	lcl|AL009126.3	99.724	3261	6	2	532876	536136	32095	35352	0.0	5969
lcl|LYMC01000002.1	lcl|AL009126.3	99.632	3262	9	2	2920113	2923373	35354	32095	0.0	5954
lcl|LYMC01000002.1	lcl|AL009126.3	95.459	3744	135	16	495495	499233	599105	602818	0.0	5939
lcl|LYMC01000002.1	lcl|AL009126.3	99.658	3219	10	1	74447	77664	11627	14845	0.0	5882
lcl|LYMC01000002.1	lcl|AL009126.3	99.780	3183	5	2	69442	72622	11627	14809	0.0	5838
lcl|LYMC01000002.1	lcl|AL009126.3	92.630	3989	260	22	491367	495328	595089	599070	0.0	5707
lcl|LYMC01000002.1	lcl|AL009126.3	92.556	3990	255	15	1808691	1812654	1895359	1899332	0.0	5685
lcl|LYMC01000002.1	lcl|AL009126.3	99.837	3060	4	1	4088162	4091221	637073	640131	0.0	5622
lcl|LYMC01000002.1	lcl|AL009126.3	99.837	3059	3	2	69442	72498	32095	35153	0.0	5620
lcl|LYMC01000002.1	lcl|AL009126.3	99.837	3059	4	1	74447	77504	32095	35153	0.0	5620
lcl|LYMC01000002.1	lcl|AL009126.3	99.804	3060	4	2	4067620	4070678	637073	640131	0.0	5616
lcl|LYMC01000002.1	lcl|AL009126.3	99.771	3060	5	2	63746	66804	11627	14685	0.0	5611
lcl|LYMC01000002.1	lcl|AL009126.3	99.771	3060	6	1	4088162	4091221	3177000	3173942	0.0	5611
lcl|LYMC01000002.1	lcl|AL009126.3	99.836	3053	4	1	4088162	4091214	948336	951387	0.0	5609
lcl|LYMC01000002.1	lcl|AL009126.3	99.836	3051	5	0	859314	862364	32095	35145	0.0	5607
lcl|LYMC01000002.1	lcl|AL009126.3	99.706	3060	5	2	4088162	4091221	92175	95230	0.0	5598
lcl|LYMC01000002.1	lcl|AL009126.3	99.673	3061	8	2	532876	535936	11627	14685	0.0	5596
lcl|LYMC01000002.1	lcl|AL009126.3	99.771	3052	6	1	4067620	4070670	948336	951387	0.0	5596
lcl|LYMC01000002.1	lcl|AL009126.3	99.673	3060	8	2	4067620	4070678	3177000	3173942	0.0	5594
lcl|LYMC01000002.1	lcl|AL009126.3	99.673	3060	6	2	4088162	4091221	173135	176190	0.0	5592
lcl|LYMC01000002.1	lcl|AL009126.3	99.738	3052	7	1	859314	862364	11627	14678	0.0	5590
lcl|LYMC01000002.1	lcl|AL009126.3	99.673	3060	5	3	4067620	4070678	92175	95230	0.0	5590
lcl|LYMC01000002.1	lcl|AL009126.3	99.641	3060	8	3	2920316	2923373	14685	11627	0.0	5587
lcl|LYMC01000002.1	lcl|AL009126.3	99.641	3060	7	2	4088162	4091221	98031	101086	0.0	5587
lcl|LYMC01000002.1	lcl|AL009126.3	99.641	3060	6	3	4067620	4070678	173135	176190	0.0	5585
lcl|LYMC01000002.1	lcl|AL009126.3	99.608	3060	7	3	4067620	4070678	98031	101086	0.0	5579
lcl|LYMC01000002.1	lcl|AL009126.3	99.542	3060	8	4	4088162	4091221	162531	165584	0.0	5568
lcl|LYMC01000002.1	lcl|AL009126.3	99.510	3060	8	5	4067620	4070678	162531	165584	0.0	5561
lcl|LYMC01000002.1	lcl|AL009126.3	99.379	3061	9	8	4088162	4091221	168139	171190	0.0	5539
lcl|LYMC01000002.1	lcl|AL009126.3	99.347	3061	9	9	4067620	4070678	168139	171190	0.0	5531
lcl|LYMC01000002.1	lcl|AL009126.3	94.315	3606	176	20	3882370	3885955	4037733	4041329	0.0	5496
lcl|LYMC01000002.1	lcl|AL009126.3	94.863	3426	170	5	3279411	3282832	3473083	3476506	0.0	5347
lcl|LYMC01000002.1	lcl|AL009126.3	96.684	2925	89	4	3410140	3413063	3606727	3609644	0.0	4857
lcl|LYMC01000002.1	lcl|AL009126.3	95.378	3029	115	10	1852878	1855883	1942713	1945739	0.0	4795
lcl|LYMC01000002.1	lcl|AL009126.3	92.331	3312	205	26	2501888	2505194	2751912	2755179	0.0	4663
lcl|LYMC01000002.1	lcl|AL009126.3	99.635	2463	6	3	1	2461	32927	35388	0.0	4495
lcl|LYMC01000002.1	lcl|AL009126.3	94.178	2920	132	26	2458560	2461476	2715952	2718836	0.0	4416
lcl|LYMC01000002.1	lcl|AL009126.3	97.412	2473	55	8	4025895	4028362	4183438	4185906	0.0	4204
lcl|LYMC01000002.1	lcl|AL009126.3	93.058	2852	187	9	1958809	1961654	2051297	2054143	0.0	4159
lcl|LYMC01000002.1	lcl|AL009126.3	99.820	2227	2	2	1	2225	12459	14685	0.0	4089
lcl|LYMC01000002.1	lcl|AL009126.3	99.820	2227	2	2	1	2225	637905	640131	0.0	4089
lcl|LYMC01000002.1	lcl|AL009126.3	99.775	2227	3	2	1	2225	93004	95230	0.0	4084
lcl|LYMC01000002.1	lcl|AL009126.3	99.775	2227	3	2	1	2225	173964	176190	0.0	4084
lcl|LYMC01000002.1	lcl|AL009126.3	99.775	2227	3	2	1	2225	3176168	3173942	0.0	4084
lcl|LYMC01000002.1	lcl|AL009126.3	99.731	2227	4	2	1	2225	98860	101086	0.0	4078
lcl|LYMC01000002.1	lcl|AL009126.3	99.775	2220	3	2	1	2218	949168	951387	0.0	4071
lcl|LYMC01000002.1	lcl|AL009126.3	99.641	2227	5	3	1	2225	163359	165584	0.0	4065
lcl|LYMC01000002.1	lcl|AL009126.3	99.372	2228	6	8	1	2225	168968	171190	0.0	4030
lcl|LYMC01000002.1	lcl|AL009126.3	94.133	2625	148	2	3939930	3942548	4092694	4095318	0.0	3989
lcl|LYMC01000002.1	lcl|AL009126.3	93.853	2554	141	11	677950	680501	750863	753402	0.0	3832
lcl|LYMC01000002.1	lcl|AL009126.3	93.048	2589	157	10	1964120	1966687	2076083	2078669	0.0	3762
lcl|LYMC01000002.1	lcl|AL009126.3	93.462	2539	138	12	2452589	2455100	2709713	2712250	0.0	3744
lcl|LYMC01000002.1	lcl|AL009126.3	90.433	2843	270	2	1903854	1906695	1978350	1981191	0.0	3742
lcl|LYMC01000002.1	lcl|AL009126.3	90.279	2829	271	4	1888432	1891258	1993777	1996603	0.0	3698
lcl|LYMC01000002.1	lcl|AL009126.3	93.389	2375	145	10	107896	110267	202510	204875	0.0	3506
lcl|LYMC01000002.1	lcl|AL009126.3	96.181	2095	78	2	3970823	3972915	4127970	4130064	0.0	3424
lcl|LYMC01000002.1	lcl|AL009126.3	95.032	2154	101	4	1766073	1768224	1780354	1782503	0.0	3380
lcl|LYMC01000002.1	lcl|AL009126.3	94.824	2125	101	7	1249480	1251597	1260782	1262904	0.0	3306
lcl|LYMC01000002.1	lcl|AL009126.3	99.131	1841	4	11	4148436	4150267	32095	33932	0.0	3301
lcl|LYMC01000002.1	lcl|AL009126.3	99.022	1841	6	11	4148436	4150267	11627	13464	0.0	3290
lcl|LYMC01000002.1	lcl|AL009126.3	98.847	1822	17	4	857482	859301	9618	11437	0.0	3245
lcl|LYMC01000002.1	lcl|AL009126.3	99.549	1775	8	0	2923386	2925160	11437	9663	0.0	3234
lcl|LYMC01000002.1	lcl|AL009126.3	94.825	2029	105	0	282738	284766	395250	397278	0.0	3166
lcl|LYMC01000002.1	lcl|AL009126.3	94.649	2037	107	2	293514	295549	384498	386533	0.0	3157
lcl|LYMC01000002.1	lcl|AL009126.3	95.404	1980	89	2	465705	467682	576932	578911	0.0	3151
lcl|LYMC01000002.1	lcl|AL009126.3	99.088	1754	12	4	4146672	4148423	30154	31905	0.0	3147
lcl|LYMC01000002.1	lcl|AL009126.3	99.086	1751	10	5	67679	69429	30161	31905	0.0	3140
lcl|LYMC01000002.1	lcl|AL009126.3	99.086	1751	10	5	72684	74434	30161	31905	0.0	3140
lcl|LYMC01000002.1	lcl|AL009126.3	99.708	1712	4	1	62022	63733	30195	31905	0.0	3133
lcl|LYMC01000002.1	lcl|AL009126.3	98.320	1786	25	5	4086189	4087972	160736	162518	0.0	3127
lcl|LYMC01000002.1	lcl|AL009126.3	98.802	1753	19	2	4086222	4087972	90410	92162	0.0	3120
lcl|LYMC01000002.1	lcl|AL009126.3	98.803	1755	15	6	4086224	4087972	96264	98018	0.0	3120
lcl|LYMC01000002.1	lcl|AL009126.3	90.387	2403	190	20	1961747	1964111	2073627	2076026	0.0	3120
lcl|LYMC01000002.1	lcl|AL009126.3	98.747	1756	14	8	4086224	4087972	166372	168126	0.0	3114
lcl|LYMC01000002.1	lcl|AL009126.3	99.303	1721	11	1	4065711	4067430	96298	98018	0.0	3110
lcl|LYMC01000002.1	lcl|AL009126.3	99.474	1712	6	3	4065720	4067430	160809	162518	0.0	3109
lcl|LYMC01000002.1	lcl|AL009126.3	98.909	1741	15	3	4065693	4067430	90423	92162	0.0	3107
lcl|LYMC01000002.1	lcl|AL009126.3	99.416	1711	9	1	531154	532863	30195	31905	0.0	3103
lcl|LYMC01000002.1	lcl|AL009126.3	98.633	1756	14	10	4086224	4087972	171370	173122	0.0	3101
lcl|LYMC01000002.1	lcl|AL009126.3	99.187	1722	11	3	4065711	4067430	166406	168126	0.0	3099
lcl|LYMC01000002.1	lcl|AL009126.3	93.984	2061	99	10	672411	674465	747632	749673	0.0	3096
lcl|LYMC01000002.1	lcl|AL009126.3	99.013	1722	12	5	4065711	4067430	171404	173122	0.0	3081
lcl|LYMC01000002.1	lcl|AL009126.3	97.357	1778	39	7	1980680	1982453	1443838	1442065	0.0	3016
lcl|LYMC01000002.1	lcl|AL009126.3	99.816	1627	3	0	2923386	2925012	31905	30279	0.0	2988
lcl|LYMC01000002.1	lcl|AL009126.3	99.754	1627	4	0	62107	63733	9811	11437	0.0	2983
lcl|LYMC01000002.1	lcl|AL009126.3	99.754	1627	4	0	67803	69429	9811	11437	0.0	2983
lcl|LYMC01000002.1	lcl|AL009126.3	99.754	1627	4	0	72808	74434	9811	11437	0.0	2983
lcl|LYMC01000002.1	lcl|AL009126.3	99.754	1627	4	0	857675	859301	30279	31905	0.0	2983
lcl|LYMC01000002.1	lcl|AL009126.3	99.754	1627	4	0	4065804	4067430	946697	948323	0.0	2983
lcl|LYMC01000002.1	lcl|AL009126.3	99.754	1627	4	0	4086346	4087972	946697	948323	0.0	2983
lcl|LYMC01000002.1	lcl|AL009126.3	99.693	1627	5	0	4065804	4067430	635434	637060	0.0	2977
lcl|LYMC01000002.1	lcl|AL009126.3	99.693	1627	5	0	4086346	4087972	635434	637060	0.0	2977
lcl|LYMC01000002.1	lcl|AL009126.3	99.631	1627	5	1	4146798	4148423	9811	11437	0.0	2970
lcl|LYMC01000002.1	lcl|AL009126.3	90.210	2288	208	14	2470038	2472316	2722710	2724990	0.0	2970
lcl|LYMC01000002.1	lcl|AL009126.3	99.508	1627	8	0	531237	532863	9811	11437	0.0	2961
lcl|LYMC01000002.1	lcl|AL009126.3	99.324	1627	11	0	4086346	4087972	3178639	3177013	0.0	2944
lcl|LYMC01000002.1	lcl|AL009126.3	99.324	1627	11	0	4065804	4067430	3178639	3177013	0.0	2944
lcl|LYMC01000002.1	lcl|AL009126.3	87.738	2520	306	2	484078	486594	2729687	2727168	0.0	2939
lcl|LYMC01000002.1	lcl|AL009126.3	92.648	2054	126	12	2417127	2419156	2651281	2653333	0.0	2933
lcl|LYMC01000002.1	lcl|AL009126.3	89.701	2311	200	28	2484859	2487140	2736810	2739111	0.0	2915
lcl|LYMC01000002.1	lcl|AL009126.3	92.350	2013	127	14	1946828	1948821	2037457	2039461	0.0	2839
lcl|LYMC01000002.1	lcl|AL009126.3	89.245	2306	175	30	1817671	1819961	1903471	1905718	0.0	2817
lcl|LYMC01000002.1	lcl|AL009126.3	91.006	2057	119	26	468033	470025	579339	581393	0.0	2713
lcl|LYMC01000002.1	lcl|AL009126.3	96.240	1649	61	1	116912	118559	211384	213032	0.0	2700
lcl|LYMC01000002.1	lcl|AL009126.3	94.205	1674	89	6	487379	489052	593407	595072	0.0	2547
lcl|LYMC01000002.1	lcl|AL009126.3	91.620	1778	149	0	1903858	1905635	1967572	1969349	0.0	2459
lcl|LYMC01000002.1	lcl|AL009126.3	91.221	1777	156	0	1877651	1879427	1993782	1995558	0.0	2418
lcl|LYMC01000002.1	lcl|AL009126.3	91.052	1777	157	2	1888438	1890213	1967574	1969349	0.0	2399
lcl|LYMC01000002.1	lcl|AL009126.3	90.832	1778	163	0	1877650	1879427	1978354	1980131	0.0	2381
lcl|LYMC01000002.1	lcl|AL009126.3	96.500	1400	39	5	2456121	2457518	2713309	2714700	0.0	2305
lcl|LYMC01000002.1	lcl|AL009126.3	94.246	1512	80	4	2480200	2481710	2732924	2734429	0.0	2303
lcl|LYMC01000002.1	lcl|AL009126.3	94.482	1486	77	4	2499186	2500667	2749019	2750503	0.0	2285
lcl|LYMC01000002.1	lcl|AL009126.3	94.741	1407	73	1	3862702	3864107	4019948	4021354	0.0	2187
lcl|LYMC01000002.1	lcl|AL009126.3	91.491	1610	92	21	4028426	4030024	4185980	4187555	0.0	2172
lcl|LYMC01000002.1	lcl|AL009126.3	94.272	1414	79	2	667224	668635	737546	738959	0.0	2161
lcl|LYMC01000002.1	lcl|AL009126.3	92.550	1490	95	8	3864097	3865581	4021425	4022903	0.0	2122
lcl|LYMC01000002.1	lcl|AL009126.3	92.391	1380	102	2	1821484	1822862	1911361	1912738	0.0	1964
lcl|LYMC01000002.1	lcl|AL009126.3	90.752	1449	122	10	1850469	1851912	1940598	1942039	0.0	1923
lcl|LYMC01000002.1	lcl|AL009126.3	95.794	1165	46	2	3977898	3979059	4134438	4135602	0.0	1877
lcl|LYMC01000002.1	lcl|AL009126.3	94.820	1197	59	3	480847	482043	592206	593399	0.0	1864
lcl|LYMC01000002.1	lcl|AL009126.3	98.297	1057	17	1	666189	667245	736313	737368	0.0	1851
lcl|LYMC01000002.1	lcl|AL009126.3	93.388	1225	60	9	1798393	1799599	1885703	1886924	0.0	1794
lcl|LYMC01000002.1	lcl|AL009126.3	95.528	1118	50	0	3831984	3833101	3989956	3991073	0.0	1788
lcl|LYMC01000002.1	lcl|AL009126.3	89.724	1411	103	17	3525895	3527277	3717400	3718796	0.0	1764
lcl|LYMC01000002.1	lcl|AL009126.3	88.805	1456	125	21	1945405	1946828	2035664	2037113	0.0	1751
lcl|LYMC01000002.1	lcl|AL009126.3	93.777	1173	58	8	2967299	2968461	1266558	1265391	0.0	1748
lcl|LYMC01000002.1	lcl|AL009126.3	93.842	1153	67	4	1813003	1814153	1899433	1900583	0.0	1733
lcl|LYMC01000002.1	lcl|AL009126.3	90.873	1260	84	10	2446052	2447280	2692650	2693909	0.0	1661
lcl|LYMC01000002.1	lcl|AL009126.3	95.669	1016	36	8	2449718	2450728	2700017	2701029	0.0	1626
lcl|LYMC01000002.1	lcl|AL009126.3	91.122	1194	90	11	2500708	2501887	2750654	2751845	0.0	1604
lcl|LYMC01000002.1	lcl|AL009126.3	90.886	1174	79	18	2496854	2498024	2741338	2742486	0.0	1550
lcl|LYMC01000002.1	lcl|AL009126.3	91.622	1122	76	7	499292	500411	602821	603926	0.0	1535
lcl|LYMC01000002.1	lcl|AL009126.3	92.912	1044	71	2	1819961	1821004	1905780	1906820	0.0	1515
lcl|LYMC01000002.1	lcl|AL009126.3	93.366	1025	59	5	1967829	1968851	2054551	2055568	0.0	1507
lcl|LYMC01000002.1	lcl|AL009126.3	92.045	1056	81	2	1814867	1815919	1902015	1903070	0.0	1482
lcl|LYMC01000002.1	lcl|AL009126.3	92.493	1039	44	16	436116	437124	2708890	2707856	0.0	1456
lcl|LYMC01000002.1	lcl|AL009126.3	74.603	3465	806	65	3274302	3277731	3459838	3463263	0.0	1456
lcl|LYMC01000002.1	lcl|AL009126.3	93.333	975	62	1	2498213	2499187	2747977	2748948	0.0	1437
lcl|LYMC01000002.1	lcl|AL009126.3	89.217	1150	94	13	1957408	1958534	2049915	2051057	0.0	1410
lcl|LYMC01000002.1	lcl|AL009126.3	95.568	880	38	1	1797308	1798187	1884013	1884891	0.0	1408
lcl|LYMC01000002.1	lcl|AL009126.3	93.737	926	53	4	2482777	2483700	2735638	2736560	0.0	1384
lcl|LYMC01000002.1	lcl|AL009126.3	91.963	983	79	0	2483870	2484852	2725726	2726708	0.0	1378
lcl|LYMC01000002.1	lcl|AL009126.3	91.992	974	69	8	2487278	2488244	2739230	2740201	0.0	1358
lcl|LYMC01000002.1	lcl|AL009126.3	92.363	969	47	12	2457512	2458471	2714726	2715676	0.0	1354
lcl|LYMC01000002.1	lcl|AL009126.3	87.457	1172	130	16	3907116	3908278	4062488	4063651	0.0	1334
lcl|LYMC01000002.1	lcl|AL009126.3	90.927	1003	58	10	1948887	1949866	2039584	2040576	0.0	1317
lcl|LYMC01000002.1	lcl|AL009126.3	92.117	926	67	4	459394	460319	569261	570180	0.0	1301
lcl|LYMC01000002.1	lcl|AL009126.3	93.615	877	47	7	2415908	2416776	2649643	2650518	0.0	1301
lcl|LYMC01000002.1	lcl|AL009126.3	91.543	946	75	5	2441873	2442815	2689417	2690360	0.0	1299
lcl|LYMC01000002.1	lcl|AL009126.3	89.738	994	96	3	2440852	2441844	2664587	2665575	0.0	1266
lcl|LYMC01000002.1	lcl|AL009126.3	92.058	894	50	12	2419143	2420030	2701352	2702230	0.0	1238
lcl|LYMC01000002.1	lcl|AL009126.3	95.576	746	18	5	181049	181779	282362	283107	0.0	1181
lcl|LYMC01000002.1	lcl|AL009126.3	89.878	899	70	14	2200326	2201218	2433232	2434115	0.0	1136
lcl|LYMC01000002.1	lcl|AL009126.3	95.677	694	26	4	2481933	2482624	2734852	2735543	0.0	1112
lcl|LYMC01000002.1	lcl|AL009126.3	90.920	826	69	4	1972811	1973632	2186934	2187757	0.0	1105
lcl|LYMC01000002.1	lcl|AL009126.3	94.321	722	38	3	2455100	2455818	2712576	2713297	0.0	1103
lcl|LYMC01000002.1	lcl|AL009126.3	77.990	1781	370	15	2975596	2977359	2695172	2696947	0.0	1098
lcl|LYMC01000002.1	lcl|AL009126.3	88.728	896	67	26	458498	459378	568159	569035	0.0	1064
lcl|LYMC01000002.1	lcl|AL009126.3	92.042	754	39	4	2451730	2452481	2708917	2709651	0.0	1040
lcl|LYMC01000002.1	lcl|AL009126.3	94.118	680	40	0	3469906	3470585	3672942	3673621	0.0	1035
lcl|LYMC01000002.1	lcl|AL009126.3	96.148	623	24	0	2966270	2966892	1268037	1267415	0.0	1018
lcl|LYMC01000002.1	lcl|AL009126.3	87.179	858	95	10	3387297	3388141	3581847	3582702	0.0	961
lcl|LYMC01000002.1	lcl|AL009126.3	91.311	702	51	7	1796567	1797262	1882991	1883688	0.0	950
lcl|LYMC01000002.1	lcl|AL009126.3	76.982	1703	349	37	2965095	2966778	2688679	2690357	0.0	933
lcl|LYMC01000002.1	lcl|AL009126.3	75.646	1934	401	54	3384516	3386408	3581005	3582909	0.0	898
lcl|LYMC01000002.1	lcl|AL009126.3	94.876	566	13	11	530682	531235	634806	635367	0.0	870
lcl|LYMC01000002.1	lcl|AL009126.3	93.217	575	26	9	450156	450723	559035	559603	0.0	833
lcl|LYMC01000002.1	lcl|AL009126.3	92.561	578	35	7	2444561	2445137	2690967	2691537	0.0	822
lcl|LYMC01000002.1	lcl|AL009126.3	93.967	547	26	7	2969400	2969942	2201688	2202231	0.0	821
lcl|LYMC01000002.1	lcl|AL009126.3	82.804	913	146	9	2436257	2437162	749611	748703	0.0	806
lcl|LYMC01000002.1	lcl|AL009126.3	91.146	576	50	1	1793268	1793842	2270989	2270414	0.0	780
lcl|LYMC01000002.1	lcl|AL009126.3	93.910	509	29	1	1265631	1266137	1278562	1279070	0.0	767
lcl|LYMC01000002.1	lcl|AL009126.3	86.283	678	82	8	1974320	1974988	2277424	2278099	0.0	726
lcl|LYMC01000002.1	lcl|AL009126.3	88.138	607	65	5	1961747	1962347	2277491	2278096	0.0	715
lcl|LYMC01000002.1	lcl|AL009126.3	95.662	438	19	0	3481698	3482135	3666166	3666603	0.0	704
lcl|LYMC01000002.1	lcl|AL009126.3	95.354	452	3	6	2919263	2919697	96219	95769	0.0	702
lcl|LYMC01000002.1	lcl|AL009126.3	84.706	680	89	10	1974312	1974979	2073551	2074227	0.0	665
lcl|LYMC01000002.1	lcl|AL009126.3	95.355	409	19	0	3553108	3553516	3741716	3742124	0.0	651
lcl|LYMC01000002.1	lcl|AL009126.3	91.904	457	33	4	1949912	1950366	2040579	2041033	4.75e-179	636
lcl|LYMC01000002.1	lcl|AL009126.3	94.987	399	18	2	438827	439224	558639	559036	1.03e-175	625
lcl|LYMC01000002.1	lcl|AL009126.3	88.235	510	41	11	1851911	1852413	1942080	1942577	1.04e-165	592
lcl|LYMC01000002.1	lcl|AL009126.3	95.640	367	13	3	1256695	1257060	1268254	1268618	4.86e-164	586
lcl|LYMC01000002.1	lcl|AL009126.3	94.241	382	10	3	792411	792781	875438	875818	3.78e-160	573
lcl|LYMC01000002.1	lcl|AL009126.3	87.649	502	42	16	3693941	3694439	3856202	3856686	6.33e-158	566
lcl|LYMC01000002.1	lcl|AL009126.3	88.791	455	49	2	670362	670815	746126	746579	3.81e-155	556
lcl|LYMC01000002.1	lcl|AL009126.3	82.951	610	91	11	1779443	1780045	2161797	2161194	1.38e-149	538
lcl|LYMC01000002.1	lcl|AL009126.3	85.855	509	57	12	3693688	3694184	3856455	3856960	2.99e-146	527
lcl|LYMC01000002.1	lcl|AL009126.3	87.152	467	53	5	1971689	1972151	2069253	2069716	3.86e-145	523
lcl|LYMC01000002.1	lcl|AL009126.3	86.900	458	58	2	1808699	1809155	2280629	2280173	8.36e-142	512
lcl|LYMC01000002.1	lcl|AL009126.3	74.572	1227	282	23	2977657	2978868	2697072	2698283	3.01e-141	510
lcl|LYMC01000002.1	lcl|AL009126.3	73.945	1351	292	45	3839723	3841042	3997776	3999097	3.92e-135	490
lcl|LYMC01000002.1	lcl|AL009126.3	89.460	389	38	2	1793268	1793653	2063879	2063491	1.41e-134	488
lcl|LYMC01000002.1	lcl|AL009126.3	93.293	328	20	2	450749	451075	561144	561470	6.56e-133	483
lcl|LYMC01000002.1	lcl|AL009126.3	89.169	397	29	8	2419628	2420010	2654636	2655032	6.56e-133	483
lcl|LYMC01000002.1	lcl|AL009126.3	99.612	258	1	0	2918718	2918975	952206	951949	1.42e-129	472
lcl|LYMC01000002.1	lcl|AL009126.3	100.000	255	0	0	862928	863182	3172678	3172424	1.42e-129	472
lcl|LYMC01000002.1	lcl|AL009126.3	73.606	1345	306	42	3838333	3839653	3999167	4000486	1.42e-129	472
lcl|LYMC01000002.1	lcl|AL009126.3	77.163	832	174	16	1253683	1254506	2276613	2277436	5.10e-129	470
lcl|LYMC01000002.1	lcl|AL009126.3	83.203	512	81	4	2442301	2442811	1268037	1267530	2.37e-127	464
lcl|LYMC01000002.1	lcl|AL009126.3	92.949	312	20	2	3413398	3413708	3635591	3635901	5.14e-124	453
lcl|LYMC01000002.1	lcl|AL009126.3	95.357	280	10	3	2918159	2918436	528979	528701	1.11e-120	442
lcl|LYMC01000002.1	lcl|AL009126.3	94.502	291	7	8	2919703	2919992	95731	95449	4.00e-120	440
lcl|LYMC01000002.1	lcl|AL009126.3	84.257	451	68	1	1813634	1814084	2159715	2159268	5.18e-119	436
lcl|LYMC01000002.1	lcl|AL009126.3	94.604	278	7	5	427961	428237	3172145	3171875	4.03e-115	424
lcl|LYMC01000002.1	lcl|AL009126.3	88.604	351	33	6	1257144	1257487	1265030	1265380	5.21e-114	420
lcl|LYMC01000002.1	lcl|AL009126.3	94.118	272	16	0	3535890	3536161	3726240	3726511	2.43e-112	414
lcl|LYMC01000002.1	lcl|AL009126.3	99.548	221	1	0	2920015	2920235	95452	95232	5.25e-109	403
lcl|LYMC01000002.1	lcl|AL009126.3	92.553	282	20	1	1975043	1975323	1881343	1881062	5.25e-109	403
lcl|LYMC01000002.1	lcl|AL009126.3	93.561	264	3	6	67365	67628	3173216	3172967	2.46e-102	381
lcl|LYMC01000002.1	lcl|AL009126.3	93.436	259	12	4	1821100	1821356	1906965	1907220	8.85e-102	379
lcl|LYMC01000002.1	lcl|AL009126.3	92.857	266	2	6	2919263	2919512	166326	166062	5.32e-99	370
lcl|LYMC01000002.1	lcl|AL009126.3	86.842	342	24	7	548245	548581	663600	663925	8.91e-97	363
lcl|LYMC01000002.1	lcl|AL009126.3	91.635	263	20	2	99840	100100	952138	952400	8.91e-97	363
lcl|LYMC01000002.1	lcl|AL009126.3	88.215	297	35	0	3388717	3389013	3582413	3582709	1.49e-94	355
lcl|LYMC01000002.1	lcl|AL009126.3	88.026	309	22	5	2201810	2202117	2434131	2434425	1.93e-93	351
lcl|LYMC01000002.1	lcl|AL009126.3	90.875	263	21	3	863114	863375	194290	194550	6.94e-93	350
lcl|LYMC01000002.1	lcl|AL009126.3	79.297	512	97	9	3278003	3278511	3463555	3464060	6.94e-93	350
lcl|LYMC01000002.1	lcl|AL009126.3	83.929	392	32	11	530320	530681	633991	634381	8.97e-92	346
lcl|LYMC01000002.1	lcl|AL009126.3	93.103	232	16	0	3438941	3439172	3609413	3609644	4.17e-90	340
lcl|LYMC01000002.1	lcl|AL009126.3	95.283	212	10	0	1431702	1431913	1441577	1441788	5.40e-89	337
lcl|LYMC01000002.1	lcl|AL009126.3	99.454	183	1	0	414031	414213	318956	319138	6.99e-88	333
lcl|LYMC01000002.1	lcl|AL009126.3	89.575	259	24	3	4018151	4018406	4171847	4172105	1.17e-85	326
lcl|LYMC01000002.1	lcl|AL009126.3	72.984	992	240	25	3013108	3014085	3222318	3223295	1.51e-84	322
lcl|LYMC01000002.1	lcl|AL009126.3	81.114	413	67	8	1971616	1972021	2272449	2272857	5.44e-84	320
lcl|LYMC01000002.1	lcl|AL009126.3	90.795	239	22	0	3412837	3413075	3634985	3635223	5.44e-84	320
lcl|LYMC01000002.1	lcl|AL009126.3	85.714	308	37	3	435780	436080	545016	545323	1.96e-83	318
lcl|LYMC01000002.1	lcl|AL009126.3	89.535	258	13	4	792810	793065	876001	876246	2.53e-82	315
lcl|LYMC01000002.1	lcl|AL009126.3	93.532	201	10	3	4018219	4018418	4176683	4176881	9.17e-77	296
lcl|LYMC01000002.1	lcl|AL009126.3	87.698	252	28	2	3525895	3526143	3717439	3717690	4.26e-75	291
lcl|LYMC01000002.1	lcl|AL009126.3	99.371	159	1	0	4070758	4070916	176192	176350	1.53e-74	289
lcl|LYMC01000002.1	lcl|AL009126.3	98.726	157	2	0	4070758	4070914	101088	101244	9.23e-72	279
lcl|LYMC01000002.1	lcl|AL009126.3	98.726	157	2	0	2305	2461	176192	176348	9.23e-72	279
lcl|LYMC01000002.1	lcl|AL009126.3	98.113	159	2	1	99829	99986	95370	95528	1.19e-70	276
lcl|LYMC01000002.1	lcl|AL009126.3	98.089	157	3	0	2305	2461	14687	14843	4.29e-70	274
lcl|LYMC01000002.1	lcl|AL009126.3	97.484	159	4	0	4091301	4091459	176192	176350	1.54e-69	272
lcl|LYMC01000002.1	lcl|AL009126.3	83.498	303	38	5	1765561	1765860	2169999	2169706	1.54e-69	272
lcl|LYMC01000002.1	lcl|AL009126.3	96.855	159	5	0	4091301	4091459	14687	14845	7.19e-68	267
lcl|LYMC01000002.1	lcl|AL009126.3	96.855	159	5	0	77506	77664	35232	35390	7.19e-68	267
lcl|LYMC01000002.1	lcl|AL009126.3	96.815	157	5	0	4091301	4091457	101088	101244	9.30e-67	263
lcl|LYMC01000002.1	lcl|AL009126.3	96.835	158	2	2	862766	862923	194205	194359	3.34e-66	261
lcl|LYMC01000002.1	lcl|AL009126.3	96.835	158	2	2	99755	99909	951788	951945	3.34e-66	261
lcl|LYMC01000002.1	lcl|AL009126.3	93.750	176	4	4	428340	428514	95562	95731	4.33e-65	257
lcl|LYMC01000002.1	lcl|AL009126.3	73.509	721	172	16	2436240	2436950	2661039	2661750	1.56e-64	255
lcl|LYMC01000002.1	lcl|AL009126.3	87.500	224	23	4	4031620	4031840	4189360	4189581	5.60e-64	254
lcl|LYMC01000002.1	lcl|AL009126.3	93.103	174	9	3	2919702	2919874	529256	529085	2.01e-63	252
lcl|LYMC01000002.1	lcl|AL009126.3	93.103	174	9	3	428344	428515	3173578	3173406	2.01e-63	252
lcl|LYMC01000002.1	lcl|AL009126.3	87.783	221	16	2	482044	482253	593642	593862	2.60e-62	248
lcl|LYMC01000002.1	lcl|AL009126.3	90.860	186	15	2	1249299	1249484	3107021	3107204	2.60e-62	248
lcl|LYMC01000002.1	lcl|AL009126.3	90.811	185	15	1	2968812	2968996	1263586	1263404	9.36e-62	246
lcl|LYMC01000002.1	lcl|AL009126.3	97.872	141	3	0	2920095	2920235	171332	171192	3.37e-61	244
lcl|LYMC01000002.1	lcl|AL009126.3	97.857	140	3	0	4020482	4020621	4171680	4171819	1.21e-60	243
lcl|LYMC01000002.1	lcl|AL009126.3	86.486	222	26	4	2925078	2925297	160891	160672	4.36e-60	241
lcl|LYMC01000002.1	lcl|AL009126.3	75.145	519	119	10	1615798	1616311	1171111	1170598	2.03e-58	235
lcl|LYMC01000002.1	lcl|AL009126.3	92.216	167	11	2	3984943	3985109	3107039	3107203	2.03e-58	235
lcl|LYMC01000002.1	lcl|AL009126.3	90.449	178	15	2	1249304	1249480	688035	687859	7.29e-58	233
lcl|LYMC01000002.1	lcl|AL009126.3	86.161	224	21	10	1410718	1410935	1385683	1385902	7.29e-58	233
lcl|LYMC01000002.1	lcl|AL009126.3	86.977	215	17	11	1371913	1372123	1424478	1424685	2.62e-57	231
lcl|LYMC01000002.1	lcl|AL009126.3	88.421	190	22	0	392493	392682	494667	494856	9.43e-57	230
lcl|LYMC01000002.1	lcl|AL009126.3	82.042	284	38	12	2918162	2918435	951860	951580	9.43e-57	230
lcl|LYMC01000002.1	lcl|AL009126.3	100.000	123	0	0	72500	72622	35232	35354	3.39e-56	228
lcl|LYMC01000002.1	lcl|AL009126.3	100.000	123	0	0	2305	2427	95232	95354	3.39e-56	228
lcl|LYMC01000002.1	lcl|AL009126.3	100.000	123	0	0	4070758	4070880	95232	95354	3.39e-56	228
lcl|LYMC01000002.1	lcl|AL009126.3	100.000	123	0	0	2305	2427	171192	171314	3.39e-56	228
lcl|LYMC01000002.1	lcl|AL009126.3	100.000	123	0	0	4070758	4070880	171192	171314	3.39e-56	228
lcl|LYMC01000002.1	lcl|AL009126.3	100.000	123	0	0	4070758	4070880	3173940	3173818	3.39e-56	228
lcl|LYMC01000002.1	lcl|AL009126.3	100.000	123	0	0	2305	2427	3173940	3173818	3.39e-56	228
lcl|LYMC01000002.1	lcl|AL009126.3	82.292	288	27	10	3387004	3387267	3582423	3582710	3.39e-56	228
lcl|LYMC01000002.1	lcl|AL009126.3	100.000	122	0	0	66884	67005	14687	14808	1.22e-55	226
lcl|LYMC01000002.1	lcl|AL009126.3	99.206	126	0	1	66884	67009	95232	95356	1.22e-55	226
lcl|LYMC01000002.1	lcl|AL009126.3	100.000	122	0	0	66884	67005	101088	101209	1.22e-55	226
lcl|LYMC01000002.1	lcl|AL009126.3	100.000	122	0	0	2305	2426	165586	165707	1.22e-55	226
lcl|LYMC01000002.1	lcl|AL009126.3	100.000	122	0	0	4070758	4070879	165586	165707	1.22e-55	226
lcl|LYMC01000002.1	lcl|AL009126.3	99.206	126	0	1	66884	67009	171192	171316	1.22e-55	226
lcl|LYMC01000002.1	lcl|AL009126.3	100.000	122	0	0	66884	67005	176192	176313	1.22e-55	226
lcl|LYMC01000002.1	lcl|AL009126.3	100.000	122	0	0	2305	2426	640133	640254	1.22e-55	226
lcl|LYMC01000002.1	lcl|AL009126.3	100.000	122	0	0	66884	67005	640133	640254	1.22e-55	226
lcl|LYMC01000002.1	lcl|AL009126.3	100.000	122	0	0	4070758	4070879	640133	640254	1.22e-55	226
lcl|LYMC01000002.1	lcl|AL009126.3	99.206	126	0	1	66884	67009	3173940	3173816	1.22e-55	226
lcl|LYMC01000002.1	lcl|AL009126.3	100.000	121	0	0	536016	536136	14687	14807	4.39e-55	224
lcl|LYMC01000002.1	lcl|AL009126.3	100.000	121	0	0	536016	536136	95232	95352	4.39e-55	224
lcl|LYMC01000002.1	lcl|AL009126.3	100.000	121	0	0	536016	536136	101088	101208	4.39e-55	224
lcl|LYMC01000002.1	lcl|AL009126.3	100.000	121	0	0	536016	536136	165586	165706	4.39e-55	224
lcl|LYMC01000002.1	lcl|AL009126.3	100.000	121	0	0	536016	536136	171192	171312	4.39e-55	224
lcl|LYMC01000002.1	lcl|AL009126.3	100.000	121	0	0	536016	536136	176192	176312	4.39e-55	224
lcl|LYMC01000002.1	lcl|AL009126.3	100.000	121	0	0	536016	536136	3173940	3173820	4.39e-55	224
lcl|LYMC01000002.1	lcl|AL009126.3	99.187	123	1	0	2920113	2920235	14809	14687	1.58e-54	222
lcl|LYMC01000002.1	lcl|AL009126.3	99.187	123	1	0	4091301	4091423	95232	95354	1.58e-54	222
lcl|LYMC01000002.1	lcl|AL009126.3	99.187	123	1	0	2920113	2920235	101210	101088	1.58e-54	222
lcl|LYMC01000002.1	lcl|AL009126.3	99.187	123	1	0	4091301	4091423	171192	171314	1.58e-54	222
lcl|LYMC01000002.1	lcl|AL009126.3	99.187	123	1	0	2920113	2920235	176314	176192	1.58e-54	222
lcl|LYMC01000002.1	lcl|AL009126.3	99.187	123	1	0	4091301	4091423	3173940	3173818	1.58e-54	222
lcl|LYMC01000002.1	lcl|AL009126.3	91.411	163	12	2	1249320	1249480	4141520	4141682	1.58e-54	222
lcl|LYMC01000002.1	lcl|AL009126.3	98.413	126	1	1	2920111	2920235	165711	165586	5.67e-54	220
lcl|LYMC01000002.1	lcl|AL009126.3	99.180	122	1	0	4091301	4091422	165586	165707	5.67e-54	220
lcl|LYMC01000002.1	lcl|AL009126.3	99.180	122	1	0	2920114	2920235	640254	640133	5.67e-54	220
lcl|LYMC01000002.1	lcl|AL009126.3	99.180	122	1	0	4091301	4091422	640133	640254	5.67e-54	220
lcl|LYMC01000002.1	lcl|AL009126.3	84.889	225	26	5	61885	62105	3178925	3178705	5.67e-54	220
lcl|LYMC01000002.1	lcl|AL009126.3	90.854	164	13	2	1855876	1856038	1945917	1946079	2.04e-53	219
lcl|LYMC01000002.1	lcl|AL009126.3	92.208	154	12	0	3555270	3555423	3742196	3742349	2.04e-53	219
lcl|LYMC01000002.1	lcl|AL009126.3	90.361	166	14	2	3984943	3985108	688021	687858	7.34e-53	217
lcl|LYMC01000002.1	lcl|AL009126.3	94.928	138	7	0	3523531	3523668	3714890	3715027	7.34e-53	217
lcl|LYMC01000002.1	lcl|AL009126.3	81.053	285	41	12	862558	862839	528702	528976	2.64e-52	215
lcl|LYMC01000002.1	lcl|AL009126.3	81.053	285	41	12	427960	428234	951580	951861	2.64e-52	215
lcl|LYMC01000002.1	lcl|AL009126.3	81.206	282	37	11	862559	862838	3172145	3171878	9.50e-52	213
lcl|LYMC01000002.1	lcl|AL009126.3	90.184	163	15	1	2498024	2498186	2743841	2744002	3.42e-51	211
lcl|LYMC01000002.1	lcl|AL009126.3	87.709	179	21	1	1249302	1249480	737369	737546	4.42e-50	207
lcl|LYMC01000002.1	lcl|AL009126.3	96.748	123	4	0	435237	435359	529367	529489	1.59e-49	206
lcl|LYMC01000002.1	lcl|AL009126.3	87.027	185	21	3	4107592	4107774	3107204	3107021	1.59e-49	206
lcl|LYMC01000002.1	lcl|AL009126.3	90.850	153	10	2	1808285	1808433	1894999	1895151	2.06e-48	202
lcl|LYMC01000002.1	lcl|AL009126.3	96.000	125	4	1	3279289	3279412	3472847	3472971	2.06e-48	202
lcl|LYMC01000002.1	lcl|AL009126.3	87.429	175	21	1	4107594	4107767	687858	688032	7.39e-48	200
lcl|LYMC01000002.1	lcl|AL009126.3	100.000	108	0	0	414156	414263	3107130	3107023	7.39e-48	200
lcl|LYMC01000002.1	lcl|AL009126.3	87.006	177	21	2	3594906	3595082	3769726	3769900	2.66e-47	198
lcl|LYMC01000002.1	lcl|AL009126.3	87.222	180	14	5	1216438	1216616	737377	737548	9.56e-47	196
lcl|LYMC01000002.1	lcl|AL009126.3	91.034	145	11	2	3099511	3099653	3926514	3926658	3.44e-46	195
lcl|LYMC01000002.1	lcl|AL009126.3	86.592	179	19	4	1249303	1249480	409178	409004	1.24e-45	193
lcl|LYMC01000002.1	lcl|AL009126.3	78.594	313	51	15	1333529	1333831	2649615	2649309	1.24e-45	193
lcl|LYMC01000002.1	lcl|AL009126.3	87.097	186	1	6	4001817	4002002	952204	952042	1.60e-44	189
lcl|LYMC01000002.1	lcl|AL009126.3	87.097	186	1	6	4001817	4002002	3172426	3172588	1.60e-44	189
lcl|LYMC01000002.1	lcl|AL009126.3	87.097	186	1	6	2918720	2918882	4154786	4154971	1.60e-44	189
lcl|LYMC01000002.1	lcl|AL009126.3	87.097	186	1	6	863018	863180	4154971	4154786	1.60e-44	189
lcl|LYMC01000002.1	lcl|AL009126.3	91.852	135	10	1	862426	862560	165582	165715	5.76e-44	187
lcl|LYMC01000002.1	lcl|AL009126.3	97.273	110	3	0	414156	414265	687930	688039	5.76e-44	187
lcl|LYMC01000002.1	lcl|AL009126.3	89.262	149	15	1	3984961	3985109	3926514	3926661	2.07e-43	185
lcl|LYMC01000002.1	lcl|AL009126.3	92.857	126	9	0	862426	862551	14683	14808	7.45e-43	183
lcl|LYMC01000002.1	lcl|AL009126.3	94.167	120	7	0	862432	862551	35234	35353	7.45e-43	183
lcl|LYMC01000002.1	lcl|AL009126.3	92.857	126	9	0	862426	862551	95228	95353	7.45e-43	183
lcl|LYMC01000002.1	lcl|AL009126.3	92.857	126	9	0	862426	862551	101084	101209	7.45e-43	183
lcl|LYMC01000002.1	lcl|AL009126.3	92.857	126	9	0	862426	862551	171188	171313	7.45e-43	183
lcl|LYMC01000002.1	lcl|AL009126.3	92.857	126	9	0	862426	862551	176188	176313	7.45e-43	183
lcl|LYMC01000002.1	lcl|AL009126.3	85.185	189	17	5	1216429	1216616	409180	409002	7.45e-43	183
lcl|LYMC01000002.1	lcl|AL009126.3	92.857	126	9	0	862426	862551	640129	640254	7.45e-43	183
lcl|LYMC01000002.1	lcl|AL009126.3	94.167	120	7	0	862432	862551	3173938	3173819	7.45e-43	183
lcl|LYMC01000002.1	lcl|AL009126.3	85.876	177	20	4	4107589	4107761	4141688	4141513	7.45e-43	183
lcl|LYMC01000002.1	lcl|AL009126.3	92.248	129	9	1	66886	67013	951454	951582	2.68e-42	182
lcl|LYMC01000002.1	lcl|AL009126.3	91.667	132	10	1	1974181	1974311	2057787	2057918	2.68e-42	182
lcl|LYMC01000002.1	lcl|AL009126.3	91.667	132	10	1	1974181	1974311	2191612	2191743	2.68e-42	182
lcl|LYMC01000002.1	lcl|AL009126.3	89.116	147	14	2	4107592	4107737	3926662	3926517	2.68e-42	182
lcl|LYMC01000002.1	lcl|AL009126.3	86.875	160	21	0	2771385	2771544	1050044	1050203	9.63e-42	180
lcl|LYMC01000002.1	lcl|AL009126.3	98.990	99	1	0	2918986	2919084	22386	22288	3.46e-41	178
lcl|LYMC01000002.1	lcl|AL009126.3	92.063	126	10	0	72496	72621	951448	951573	3.46e-41	178
lcl|LYMC01000002.1	lcl|AL009126.3	92.063	126	10	0	77502	77627	951448	951573	3.46e-41	178
lcl|LYMC01000002.1	lcl|AL009126.3	93.333	120	8	0	2307	2426	951454	951573	3.46e-41	178
lcl|LYMC01000002.1	lcl|AL009126.3	93.333	120	8	0	4070760	4070879	951454	951573	3.46e-41	178
lcl|LYMC01000002.1	lcl|AL009126.3	98.990	99	1	0	4078357	4078455	3172790	3172692	3.46e-41	178
lcl|LYMC01000002.1	lcl|AL009126.3	90.370	135	11	2	4146663	4146796	946498	946631	1.25e-40	176
lcl|LYMC01000002.1	lcl|AL009126.3	93.966	116	7	0	536018	536133	951454	951569	1.25e-40	176
lcl|LYMC01000002.1	lcl|AL009126.3	90.441	136	7	3	857478	857609	90401	90534	4.48e-40	174
lcl|LYMC01000002.1	lcl|AL009126.3	92.500	120	9	0	2920114	2920233	951573	951454	1.61e-39	172
lcl|LYMC01000002.1	lcl|AL009126.3	92.500	120	9	0	4091303	4091422	951454	951573	1.61e-39	172
lcl|LYMC01000002.1	lcl|AL009126.3	83.010	206	17	8	480605	480808	592015	592204	5.80e-39	171
lcl|LYMC01000002.1	lcl|AL009126.3	90.625	128	11	1	857483	857609	30150	30277	2.08e-38	169
lcl|LYMC01000002.1	lcl|AL009126.3	100.000	91	0	0	536148	536238	951944	952034	2.08e-38	169
lcl|LYMC01000002.1	lcl|AL009126.3	86.624	157	14	6	857457	857609	160738	160891	7.50e-38	167
lcl|LYMC01000002.1	lcl|AL009126.3	98.913	92	1	0	1980426	1980517	1443930	1443839	2.70e-37	165
lcl|LYMC01000002.1	lcl|AL009126.3	93.750	112	4	2	1969072	1969181	2079050	2079160	2.70e-37	165
lcl|LYMC01000002.1	lcl|AL009126.3	77.134	328	48	16	1765555	1765864	3335629	3335311	2.70e-37	165
lcl|LYMC01000002.1	lcl|AL009126.3	89.844	128	10	3	4086218	4086344	9619	9744	3.49e-36	161
lcl|LYMC01000002.1	lcl|AL009126.3	86.667	150	15	2	863114	863261	95382	95528	3.49e-36	161
lcl|LYMC01000002.1	lcl|AL009126.3	89.764	127	9	3	2925078	2925202	90534	90410	1.25e-35	159
lcl|LYMC01000002.1	lcl|AL009126.3	100.000	86	0	0	863833	863918	95861	95946	1.25e-35	159
lcl|LYMC01000002.1	lcl|AL009126.3	100.000	86	0	0	2919520	2919605	952944	952859	1.25e-35	159
lcl|LYMC01000002.1	lcl|AL009126.3	100.000	86	0	0	536153	536238	3172681	3172596	1.25e-35	159
lcl|LYMC01000002.1	lcl|AL009126.3	100.000	86	0	0	863833	863918	3173309	3173224	1.25e-35	159
lcl|LYMC01000002.1	lcl|AL009126.3	100.000	85	0	0	2918891	2918975	640347	640263	4.51e-35	158
lcl|LYMC01000002.1	lcl|AL009126.3	89.147	129	11	3	4086218	4086344	946503	946630	4.51e-35	158
lcl|LYMC01000002.1	lcl|AL009126.3	97.826	92	1	1	2450728	2450819	2701660	2701750	4.51e-35	158
lcl|LYMC01000002.1	lcl|AL009126.3	97.802	91	1	1	857520	857609	96300	96390	1.62e-34	156
lcl|LYMC01000002.1	lcl|AL009126.3	97.802	91	1	1	857520	857609	166408	166498	1.62e-34	156
lcl|LYMC01000002.1	lcl|AL009126.3	97.802	91	1	1	857520	857609	171406	171496	1.62e-34	156
lcl|LYMC01000002.1	lcl|AL009126.3	98.851	87	1	0	862923	863009	640261	640347	1.62e-34	156
lcl|LYMC01000002.1	lcl|AL009126.3	100.000	83	0	0	2925078	2925160	30277	30195	5.84e-34	154
lcl|LYMC01000002.1	lcl|AL009126.3	93.269	104	7	0	414159	414262	737473	737370	5.84e-34	154
lcl|LYMC01000002.1	lcl|AL009126.3	88.550	131	10	5	61978	62105	946503	946631	5.84e-34	154
lcl|LYMC01000002.1	lcl|AL009126.3	89.062	128	9	2	67674	67801	946509	946631	5.84e-34	154
lcl|LYMC01000002.1	lcl|AL009126.3	94.118	102	4	2	1976083	1976182	2283686	2283787	5.84e-34	154
lcl|LYMC01000002.1	lcl|AL009126.3	100.000	82	0	0	531154	531235	9663	9744	2.10e-33	152
lcl|LYMC01000002.1	lcl|AL009126.3	98.824	85	1	0	862842	862926	95370	95454	2.10e-33	152
lcl|LYMC01000002.1	lcl|AL009126.3	100.000	82	0	0	4002162	4002243	529165	529084	2.10e-33	152
lcl|LYMC01000002.1	lcl|AL009126.3	98.837	86	0	1	536293	536378	952036	952120	2.10e-33	152
lcl|LYMC01000002.1	lcl|AL009126.3	98.837	86	0	1	536293	536378	3172594	3172510	2.10e-33	152
lcl|LYMC01000002.1	lcl|AL009126.3	91.150	113	6	3	4146685	4146796	9636	9745	7.55e-33	150
lcl|LYMC01000002.1	lcl|AL009126.3	100.000	81	0	0	4002162	4002242	95645	95565	7.55e-33	150
lcl|LYMC01000002.1	lcl|AL009126.3	98.824	85	0	1	863013	863096	640399	640483	7.55e-33	150
lcl|LYMC01000002.1	lcl|AL009126.3	98.824	85	0	1	2918804	2918887	640483	640399	7.55e-33	150
lcl|LYMC01000002.1	lcl|AL009126.3	100.000	81	0	0	4002162	4002242	3173498	3173578	7.55e-33	150
lcl|LYMC01000002.1	lcl|AL009126.3	94.000	100	5	1	4146697	4146796	3178803	3178705	7.55e-33	150
lcl|LYMC01000002.1	lcl|AL009126.3	100.000	81	0	0	2919794	2919874	4155131	4155211	7.55e-33	150
lcl|LYMC01000002.1	lcl|AL009126.3	98.810	84	0	1	62022	62105	9663	9745	2.72e-32	148
lcl|LYMC01000002.1	lcl|AL009126.3	83.648	159	24	2	4067463	4067621	96066	96222	2.72e-32	148
lcl|LYMC01000002.1	lcl|AL009126.3	83.648	159	24	2	4088005	4088163	96066	96222	2.72e-32	148
lcl|LYMC01000002.1	lcl|AL009126.3	95.699	93	3	1	2925078	2925169	96390	96298	2.72e-32	148
lcl|LYMC01000002.1	lcl|AL009126.3	95.699	93	3	1	2925078	2925169	166498	166406	2.72e-32	148
lcl|LYMC01000002.1	lcl|AL009126.3	95.699	93	3	1	2925078	2925169	171496	171404	2.72e-32	148
lcl|LYMC01000002.1	lcl|AL009126.3	100.000	80	0	0	67367	67446	635110	635189	2.72e-32	148
lcl|LYMC01000002.1	lcl|AL009126.3	96.667	90	2	1	67712	67801	635280	635368	2.72e-32	148
lcl|LYMC01000002.1	lcl|AL009126.3	96.629	89	3	0	4146708	4146796	635280	635368	2.72e-32	148
lcl|LYMC01000002.1	lcl|AL009126.3	85.034	147	20	2	547739	547883	663184	663330	2.72e-32	148
lcl|LYMC01000002.1	lcl|AL009126.3	98.795	83	1	0	2920015	2920097	951946	951864	2.72e-32	148
lcl|LYMC01000002.1	lcl|AL009126.3	98.795	83	1	0	862845	862927	3173799	3173717	2.72e-32	148
lcl|LYMC01000002.1	lcl|AL009126.3	84.049	163	17	7	67642	67801	3178861	3178705	2.72e-32	148
lcl|LYMC01000002.1	lcl|AL009126.3	98.780	82	1	0	863673	863754	165957	166038	9.77e-32	147
lcl|LYMC01000002.1	lcl|AL009126.3	83.648	159	23	3	4067463	4067621	166174	166329	9.77e-32	147
lcl|LYMC01000002.1	lcl|AL009126.3	83.648	159	23	3	4088005	4088163	166174	166329	9.77e-32	147
lcl|LYMC01000002.1	lcl|AL009126.3	97.674	86	0	2	2920012	2920097	194362	194279	9.77e-32	147
lcl|LYMC01000002.1	lcl|AL009126.3	98.780	82	1	0	4001924	4002005	640483	640402	9.77e-32	147
lcl|LYMC01000002.1	lcl|AL009126.3	96.629	89	1	2	531149	531235	946542	946630	9.77e-32	147
lcl|LYMC01000002.1	lcl|AL009126.3	100.000	79	0	0	67048	67126	951580	951658	9.77e-32	147
lcl|LYMC01000002.1	lcl|AL009126.3	96.591	88	3	0	4126439	4126526	3172959	3172872	9.77e-32	147
lcl|LYMC01000002.1	lcl|AL009126.3	100.000	79	0	0	536300	536378	4154971	4154893	9.77e-32	147
lcl|LYMC01000002.1	lcl|AL009126.3	98.780	82	1	0	428343	428424	4155212	4155131	9.77e-32	147
lcl|LYMC01000002.1	lcl|AL009126.3	94.681	94	3	1	67708	67801	9654	9745	3.51e-31	145
lcl|LYMC01000002.1	lcl|AL009126.3	96.629	89	0	2	2919166	2919253	70257	70171	3.51e-31	145
lcl|LYMC01000002.1	lcl|AL009126.3	91.429	105	9	0	470101	470205	581397	581501	3.51e-31	145
lcl|LYMC01000002.1	lcl|AL009126.3	100.000	78	0	0	2919433	2919510	635187	635110	3.51e-31	145
lcl|LYMC01000002.1	lcl|AL009126.3	98.765	81	1	0	67259	67339	952699	952779	3.51e-31	145
lcl|LYMC01000002.1	lcl|AL009126.3	92.929	99	7	0	1792535	1792633	1879702	1879800	3.51e-31	145
lcl|LYMC01000002.1	lcl|AL009126.3	73.750	400	91	12	431121	431513	2071764	2072156	3.51e-31	145
lcl|LYMC01000002.1	lcl|AL009126.3	98.765	81	1	0	99832	99912	3173798	3173718	3.51e-31	145
lcl|LYMC01000002.1	lcl|AL009126.3	83.234	167	19	7	72643	72806	3178865	3178705	3.51e-31	145
lcl|LYMC01000002.1	lcl|AL009126.3	96.591	88	2	1	531149	531235	3178793	3178706	3.51e-31	145
lcl|LYMC01000002.1	lcl|AL009126.3	100.000	77	0	0	67555	67631	11552	11628	1.26e-30	143
lcl|LYMC01000002.1	lcl|AL009126.3	100.000	77	0	0	67555	67631	32020	32096	1.26e-30	143
lcl|LYMC01000002.1	lcl|AL009126.3	100.000	77	0	0	863674	863750	95771	95847	1.26e-30	143
lcl|LYMC01000002.1	lcl|AL009126.3	98.765	81	0	1	530978	531058	95956	96035	1.26e-30	143
lcl|LYMC01000002.1	lcl|AL009126.3	98.765	81	0	1	862556	862636	165750	165829	1.26e-30	143
lcl|LYMC01000002.1	lcl|AL009126.3	98.765	81	0	1	530978	531058	166064	166143	1.26e-30	143
lcl|LYMC01000002.1	lcl|AL009126.3	90.654	107	10	0	1249303	1249409	515007	514901	1.26e-30	143
lcl|LYMC01000002.1	lcl|AL009126.3	95.556	90	2	2	62017	62105	635280	635368	1.26e-30	143
lcl|LYMC01000002.1	lcl|AL009126.3	87.023	131	12	5	4065675	4065802	946502	946630	1.26e-30	143
lcl|LYMC01000002.1	lcl|AL009126.3	87.500	128	11	2	72679	72806	946509	946631	1.26e-30	143
lcl|LYMC01000002.1	lcl|AL009126.3	100.000	77	0	0	2919912	2919988	952285	952209	1.26e-30	143
lcl|LYMC01000002.1	lcl|AL009126.3	100.000	77	0	0	2919619	2919695	952776	952700	1.26e-30	143
lcl|LYMC01000002.1	lcl|AL009126.3	100.000	77	0	0	530978	531054	3173214	3173138	1.26e-30	143
lcl|LYMC01000002.1	lcl|AL009126.3	98.750	80	1	0	863674	863753	3173399	3173320	1.26e-30	143
lcl|LYMC01000002.1	lcl|AL009126.3	100.000	77	0	0	863185	863261	3173692	3173616	1.26e-30	143
lcl|LYMC01000002.1	lcl|AL009126.3	100.000	76	0	0	67260	67335	95771	95846	4.54e-30	141
lcl|LYMC01000002.1	lcl|AL009126.3	100.000	76	0	0	2919620	2919695	166033	165958	4.54e-30	141
lcl|LYMC01000002.1	lcl|AL009126.3	98.734	79	1	0	863550	863628	194542	194620	4.54e-30	141
lcl|LYMC01000002.1	lcl|AL009126.3	94.624	93	1	4	863547	863639	528979	529067	4.54e-30	141
lcl|LYMC01000002.1	lcl|AL009126.3	97.561	82	2	0	2918622	2918703	952570	952489	4.54e-30	141
lcl|LYMC01000002.1	lcl|AL009126.3	94.624	93	1	4	428237	428325	952572	952664	4.54e-30	141
lcl|LYMC01000002.1	lcl|AL009126.3	98.734	79	1	0	100092	100170	952575	952653	4.54e-30	141
lcl|LYMC01000002.1	lcl|AL009126.3	96.471	85	3	0	67260	67344	3173399	3173315	4.54e-30	141
lcl|LYMC01000002.1	lcl|AL009126.3	96.471	85	2	1	2918160	2918243	70341	70257	1.63e-29	139
lcl|LYMC01000002.1	lcl|AL009126.3	100.000	75	0	0	2919912	2919986	194436	194362	1.63e-29	139
lcl|LYMC01000002.1	lcl|AL009126.3	100.000	75	0	0	960177	960251	635200	635274	1.63e-29	139
lcl|LYMC01000002.1	lcl|AL009126.3	100.000	75	0	0	531069	531143	967065	967139	1.63e-29	139
lcl|LYMC01000002.1	lcl|AL009126.3	100.000	75	0	0	4126536	4126610	3171950	3171876	1.63e-29	139
lcl|LYMC01000002.1	lcl|AL009126.3	97.531	81	2	0	863468	863548	3172408	3172328	1.63e-29	139
lcl|LYMC01000002.1	lcl|AL009126.3	100.000	75	0	0	4088086	4088160	3173041	3172967	1.63e-29	139
lcl|LYMC01000002.1	lcl|AL009126.3	100.000	75	0	0	4067544	4067618	3173041	3172967	1.63e-29	139
lcl|LYMC01000002.1	lcl|AL009126.3	100.000	75	0	0	99912	99986	3173690	3173616	1.63e-29	139
lcl|LYMC01000002.1	lcl|AL009126.3	97.500	80	2	0	2918445	2918524	11541	11462	5.88e-29	137
lcl|LYMC01000002.1	lcl|AL009126.3	100.000	74	0	0	2919263	2919336	11625	11552	5.88e-29	137
lcl|LYMC01000002.1	lcl|AL009126.3	97.500	80	2	0	2918445	2918524	32009	31930	5.88e-29	137
lcl|LYMC01000002.1	lcl|AL009126.3	100.000	74	0	0	2919263	2919336	32093	32020	5.88e-29	137
lcl|LYMC01000002.1	lcl|AL009126.3	95.455	88	1	2	428154	428240	194197	194282	5.88e-29	137
lcl|LYMC01000002.1	lcl|AL009126.3	95.455	88	1	2	99747	99832	528896	528982	5.88e-29	137
lcl|LYMC01000002.1	lcl|AL009126.3	100.000	74	0	0	4002082	4002155	528976	528903	5.88e-29	137
lcl|LYMC01000002.1	lcl|AL009126.3	94.444	90	4	1	72717	72806	635280	635368	5.88e-29	137
lcl|LYMC01000002.1	lcl|AL009126.3	96.386	83	3	0	4065720	4065802	635285	635367	5.88e-29	137
lcl|LYMC01000002.1	lcl|AL009126.3	96.386	83	3	0	4086262	4086344	635285	635367	5.88e-29	137
lcl|LYMC01000002.1	lcl|AL009126.3	100.000	74	0	0	4002082	4002155	951861	951788	5.88e-29	137
lcl|LYMC01000002.1	lcl|AL009126.3	97.500	80	2	0	4087997	4088076	3172233	3172154	5.88e-29	137
lcl|LYMC01000002.1	lcl|AL009126.3	97.500	80	2	0	4067455	4067534	3172233	3172154	5.88e-29	137
lcl|LYMC01000002.1	lcl|AL009126.3	96.386	83	3	0	4086262	4086344	3178788	3178706	5.88e-29	137
lcl|LYMC01000002.1	lcl|AL009126.3	96.386	83	3	0	4065720	4065802	3178788	3178706	5.88e-29	137
lcl|LYMC01000002.1	lcl|AL009126.3	100.000	74	0	0	862766	862839	4155124	4155051	5.88e-29	137
lcl|LYMC01000002.1	lcl|AL009126.3	100.000	74	0	0	428161	428234	4155124	4155051	5.88e-29	137
lcl|LYMC01000002.1	lcl|AL009126.3	100.000	73	0	0	4002083	4002155	70339	70267	2.11e-28	135
lcl|LYMC01000002.1	lcl|AL009126.3	100.000	73	0	0	428161	428233	70267	70339	2.11e-28	135
lcl|LYMC01000002.1	lcl|AL009126.3	100.000	73	0	0	862766	862838	70267	70339	2.11e-28	135
lcl|LYMC01000002.1	lcl|AL009126.3	98.701	77	0	1	2918159	2918235	194279	194204	2.11e-28	135
lcl|LYMC01000002.1	lcl|AL009126.3	100.000	73	0	0	428243	428315	194546	194618	2.11e-28	135
lcl|LYMC01000002.1	lcl|AL009126.3	100.000	73	0	0	4126536	4126608	528903	528975	2.11e-28	135
lcl|LYMC01000002.1	lcl|AL009126.3	100.000	73	0	0	100096	100168	528985	529057	2.11e-28	135
lcl|LYMC01000002.1	lcl|AL009126.3	100.000	73	0	0	4126536	4126608	951788	951860	2.11e-28	135
lcl|LYMC01000002.1	lcl|AL009126.3	98.701	77	0	1	99754	99829	3171951	3171875	2.11e-28	135
lcl|LYMC01000002.1	lcl|AL009126.3	100.000	73	0	0	4002083	4002155	3171878	3171950	2.11e-28	135
lcl|LYMC01000002.1	lcl|AL009126.3	100.000	73	0	0	4126536	4126608	4155124	4155052	2.11e-28	135
lcl|LYMC01000002.1	lcl|AL009126.3	100.000	73	0	0	2918162	2918234	4155052	4155124	2.11e-28	135
lcl|LYMC01000002.1	lcl|AL009126.3	92.553	94	5	1	72713	72806	9654	9745	7.61e-28	134
lcl|LYMC01000002.1	lcl|AL009126.3	100.000	72	0	0	99755	99826	70267	70338	7.61e-28	134
lcl|LYMC01000002.1	lcl|AL009126.3	100.000	72	0	0	4002084	4002155	194276	194205	7.61e-28	134
lcl|LYMC01000002.1	lcl|AL009126.3	100.000	72	0	0	4126536	4126607	194205	194276	7.61e-28	134
lcl|LYMC01000002.1	lcl|AL009126.3	100.000	72	0	0	99755	99826	4155124	4155053	7.61e-28	134
lcl|LYMC01000002.1	lcl|AL009126.3	91.089	101	4	4	428622	428718	549873	549972	2.74e-27	132
lcl|LYMC01000002.1	lcl|AL009126.3	81.928	166	18	11	435175	435333	549817	549977	9.84e-27	130
lcl|LYMC01000002.1	lcl|AL009126.3	97.368	76	2	0	2918536	2918611	635275	635200	9.84e-27	130
lcl|LYMC01000002.1	lcl|AL009126.3	96.250	80	2	1	2918537	2918616	967139	967061	9.84e-27	130
lcl|LYMC01000002.1	lcl|AL009126.3	97.368	76	2	0	531069	531144	3172320	3172245	9.84e-27	130
lcl|LYMC01000002.1	lcl|AL009126.3	96.250	80	2	1	960173	960251	3172325	3172246	9.84e-27	130
lcl|LYMC01000002.1	lcl|AL009126.3	95.062	81	4	0	67045	67125	528699	528779	3.54e-26	128
lcl|LYMC01000002.1	lcl|AL009126.3	91.209	91	7	1	414158	414247	4141608	4141518	1.65e-24	122
lcl|LYMC01000002.1	lcl|AL009126.3	91.111	90	6	2	1796539	1796626	2062042	2061953	5.92e-24	121
lcl|LYMC01000002.1	lcl|AL009126.3	87.963	108	6	2	414156	414263	3926588	3926488	5.92e-24	121
lcl|LYMC01000002.1	lcl|AL009126.3	94.737	76	4	0	67049	67124	3172145	3172070	2.13e-23	119
lcl|LYMC01000002.1	lcl|AL009126.3	97.183	71	1	1	3560691	3560760	3742127	3742197	2.13e-23	119
lcl|LYMC01000002.1	lcl|AL009126.3	94.667	75	4	0	427960	428034	165752	165826	7.66e-23	117
lcl|LYMC01000002.1	lcl|AL009126.3	94.667	75	4	0	2918361	2918435	165826	165752	7.66e-23	117
lcl|LYMC01000002.1	lcl|AL009126.3	94.595	74	2	2	2968379	2968452	2691464	2691535	9.91e-22	113
lcl|LYMC01000002.1	lcl|AL009126.3	87.000	100	6	2	3591037	3591136	3769550	3769642	1.66e-19	106
lcl|LYMC01000002.1	lcl|AL009126.3	96.825	63	1	1	2434773	2434835	2659092	2659153	5.96e-19	104
lcl|LYMC01000002.1	lcl|AL009126.3	98.276	58	1	0	766986	767043	849995	850052	2.14e-18	102
lcl|LYMC01000002.1	lcl|AL009126.3	95.238	63	3	0	2434772	2434834	2730459	2730521	7.71e-18	100
lcl|LYMC01000002.1	lcl|AL009126.3	81.148	122	23	0	291620	291741	1969244	1969123	2.77e-17	99.0
lcl|LYMC01000002.1	lcl|AL009126.3	93.846	65	2	2	2438603	2438665	2663289	2663353	9.98e-17	97.1
lcl|LYMC01000002.1	lcl|AL009126.3	80.714	140	13	8	3481532	3481665	3672683	3672814	9.98e-17	97.1
lcl|LYMC01000002.1	lcl|AL009126.3	93.750	64	2	2	794451	794513	874837	874899	3.59e-16	95.3
lcl|LYMC01000002.1	lcl|AL009126.3	96.429	56	2	0	3984978	3985033	319138	319083	1.29e-15	93.5
lcl|LYMC01000002.1	lcl|AL009126.3	80.328	122	24	0	291620	291741	1980026	1979905	1.29e-15	93.5
lcl|LYMC01000002.1	lcl|AL009126.3	85.263	95	8	1	1967666	1967754	2054440	2054534	1.29e-15	93.5
lcl|LYMC01000002.1	lcl|AL009126.3	86.207	87	6	5	2968379	2968461	1324446	1324362	1.67e-14	89.8
lcl|LYMC01000002.1	lcl|AL009126.3	90.141	71	4	3	3590931	3590999	3769488	3769557	1.67e-14	89.8
lcl|LYMC01000002.1	lcl|AL009126.3	94.231	52	3	0	4107668	4107719	319083	319134	1.00e-11	80.5
lcl|LYMC01000002.1	lcl|AL009126.3	79.167	120	22	3	282249	282366	1986351	1986233	1.00e-11	80.5
lcl|LYMC01000002.1	lcl|AL009126.3	83.529	85	12	2	1311518	1311600	1265389	1265473	3.61e-11	78.7
lcl|LYMC01000002.1	lcl|AL009126.3	100.000	40	0	0	1956922	1956961	2048458	2048497	4.68e-10	75.0
lcl|LYMC01000002.1	lcl|AL009126.3	100.000	39	0	0	3493295	3493333	3684809	3684771	1.68e-09	73.1
lcl|LYMC01000002.1	lcl|AL009126.3	100.000	38	0	0	3154647	3154684	3351086	3351049	6.05e-09	71.3
lcl|LYMC01000002.1	lcl|AL009126.3	100.000	36	0	0	30389	30424	129207	129172	7.82e-08	67.6
lcl|LYMC01000002.1	lcl|AL009126.3	97.436	39	1	0	480576	480614	591964	592002	7.82e-08	67.6
lcl|LYMC01000002.1	lcl|AL009126.3	100.000	34	0	0	1516463	1516496	1533326	1533293	1.01e-06	63.9
lcl|LYMC01000002.1	lcl|AL009126.3	87.719	57	4	3	2970043	2970099	2202332	2202385	1.01e-06	63.9
lcl|LYMC01000002.1	lcl|AL009126.3	82.895	76	5	6	1311530	1311603	2691534	2691465	3.64e-06	62.1
lcl|LYMC01000002.1	lcl|AL009126.3	100.000	33	0	0	2716808	2716840	2970919	2970887	3.64e-06	62.1
lcl|LYMC01000002.1	lcl|AL009126.3	97.222	36	0	1	1206370	1206404	1218114	1218079	1.31e-05	60.2
lcl|LYMC01000002.1	lcl|AL009126.3	100.000	32	0	0	3067749	3067780	3278241	3278210	1.31e-05	60.2
lcl|LYMC01000002.1	lcl|AL009126.3	97.059	34	1	0	1976562	1976595	424369	424402	4.71e-05	58.4
lcl|LYMC01000002.1	lcl|AL009126.3	100.000	31	0	0	1641161	1641191	1658127	1658097	4.71e-05	58.4
lcl|LYMC01000002.1	lcl|AL009126.3	100.000	31	0	0	3069796	3069826	3280286	3280256	4.71e-05	58.4
lcl|LYMC01000002.1	lcl|AL009126.3	100.000	30	0	0	465653	465682	529455	529426	1.69e-04	56.5
lcl|LYMC01000002.1	lcl|AL009126.3	100.000	30	0	0	1213751	1213780	1225486	1225457	1.69e-04	56.5
lcl|LYMC01000002.1	lcl|AL009126.3	100.000	30	0	0	2644649	2644678	2900014	2899985	1.69e-04	56.5
lcl|LYMC01000002.1	lcl|AL009126.3	100.000	29	0	0	2432815	2432843	2659096	2659124	6.09e-04	54.7
lcl|LYMC01000002.1	lcl|AL009126.3	100.000	29	0	0	2432815	2432843	2730465	2730493	6.09e-04	54.7
lcl|LYMC01000002.1	lcl|AL009126.3	100.000	28	0	0	521125	521152	624955	624982	0.002	52.8
lcl|LYMC01000002.1	lcl|AL009126.3	100.000	28	0	0	2481728	2481755	2734432	2734459	0.002	52.8
lcl|LYMC01000003.1	lcl|AL009126.3	99.458	5354	17	9	1	5350	100577	95232	0.0	9716
lcl|LYMC01000003.1	lcl|AL009126.3	99.201	4633	18	17	1	4627	170681	166062	0.0	8333
lcl|LYMC01000003.1	lcl|AL009126.3	99.335	4363	16	11	1	4360	175681	171329	0.0	7884
lcl|LYMC01000003.1	lcl|AL009126.3	99.104	4355	24	11	1	4352	94721	90379	0.0	7812
lcl|LYMC01000003.1	lcl|AL009126.3	98.990	4358	26	14	1	4356	165075	160734	0.0	7788
lcl|LYMC01000003.1	lcl|AL009126.3	99.714	4192	7	5	1	4190	639622	635434	0.0	7670
lcl|LYMC01000003.1	lcl|AL009126.3	99.714	4192	7	5	1	4190	950885	946697	0.0	7670
lcl|LYMC01000003.1	lcl|AL009126.3	99.499	4192	16	5	1	4190	3174451	3178639	0.0	7620
lcl|LYMC01000003.1	lcl|AL009126.3	99.356	3262	7	14	5228	8477	35354	32095	0.0	5895
lcl|LYMC01000003.1	lcl|AL009126.3	99.352	3087	5	15	5430	8503	640131	637047	0.0	5576
lcl|LYMC01000003.1	lcl|AL009126.3	99.383	3079	5	14	5438	8503	951387	948310	0.0	5568
lcl|LYMC01000003.1	lcl|AL009126.3	99.287	3087	7	15	5430	8503	3173942	3177026	0.0	5565
lcl|LYMC01000003.1	lcl|AL009126.3	99.223	3087	6	16	5430	8503	95230	92149	0.0	5552
lcl|LYMC01000003.1	lcl|AL009126.3	99.190	3087	7	16	5430	8503	176190	173109	0.0	5546
lcl|LYMC01000003.1	lcl|AL009126.3	99.158	3087	8	16	5430	8503	101086	98005	0.0	5541
lcl|LYMC01000003.1	lcl|AL009126.3	99.061	3087	9	18	5430	8503	165584	162505	0.0	5522
lcl|LYMC01000003.1	lcl|AL009126.3	99.249	3061	8	15	5430	8477	14685	11627	0.0	5511
lcl|LYMC01000003.1	lcl|AL009126.3	98.931	3087	11	20	5430	8503	171190	168113	0.0	5498
lcl|LYMC01000003.1	lcl|AL009126.3	99.765	2553	1	5	1	2551	34644	32095	0.0	4676
lcl|LYMC01000003.1	lcl|AL009126.3	99.687	2553	3	5	1	2551	14176	11627	0.0	4665
lcl|LYMC01000003.1	lcl|AL009126.3	98.915	1751	13	5	2564	4314	31905	30161	0.0	3123
lcl|LYMC01000003.1	lcl|AL009126.3	99.570	1627	7	0	2564	4190	11437	9811	0.0	2966
lcl|LYMC01000003.1	lcl|AL009126.3	96.000	450	2	6	4364	4812	3172967	3173401	0.0	717
lcl|LYMC01000003.1	lcl|AL009126.3	94.737	285	8	6	4850	5128	3173407	3173690	1.06e-121	436
lcl|LYMC01000003.1	lcl|AL009126.3	99.552	223	1	0	5128	5350	3173718	3173940	8.29e-113	407
lcl|LYMC01000003.1	lcl|AL009126.3	98.742	159	1	1	5054	5212	194436	194279	5.24e-75	281
lcl|LYMC01000003.1	lcl|AL009126.3	94.186	172	4	2	4850	5016	529255	529085	8.84e-68	257
lcl|LYMC01000003.1	lcl|AL009126.3	98.582	141	2	0	5210	5350	171332	171192	1.48e-65	250
lcl|LYMC01000003.1	lcl|AL009126.3	100.000	123	0	0	5228	5350	14809	14687	6.93e-59	228
lcl|LYMC01000003.1	lcl|AL009126.3	100.000	123	0	0	5228	5350	101210	101088	6.93e-59	228
lcl|LYMC01000003.1	lcl|AL009126.3	100.000	123	0	0	5228	5350	176314	176192	6.93e-59	228
lcl|LYMC01000003.1	lcl|AL009126.3	99.206	126	0	1	5226	5350	165711	165586	2.49e-58	226
lcl|LYMC01000003.1	lcl|AL009126.3	100.000	122	0	0	5229	5350	640254	640133	2.49e-58	226
lcl|LYMC01000003.1	lcl|AL009126.3	93.333	120	8	0	5229	5348	951573	951454	7.08e-44	178
lcl|LYMC01000003.1	lcl|AL009126.3	100.000	86	0	0	4635	4720	952944	952859	2.56e-38	159
lcl|LYMC01000003.1	lcl|AL009126.3	86.000	150	16	2	5054	5200	952285	952138	3.32e-37	156
lcl|LYMC01000003.1	lcl|AL009126.3	84.663	163	17	6	4192	4352	3178705	3178861	3.32e-37	156
lcl|LYMC01000003.1	lcl|AL009126.3	89.062	128	9	2	4192	4319	946631	946509	1.19e-36	154
lcl|LYMC01000003.1	lcl|AL009126.3	100.000	81	0	0	4936	5016	4155131	4155211	1.54e-35	150
lcl|LYMC01000003.1	lcl|AL009126.3	100.000	80	0	0	4546	4625	635189	635110	5.55e-35	148
lcl|LYMC01000003.1	lcl|AL009126.3	96.667	90	2	1	4192	4281	635368	635280	5.55e-35	148
lcl|LYMC01000003.1	lcl|AL009126.3	98.795	83	1	0	5130	5212	951946	951864	5.55e-35	148
lcl|LYMC01000003.1	lcl|AL009126.3	94.681	94	3	1	4192	4285	9745	9654	7.18e-34	145
lcl|LYMC01000003.1	lcl|AL009126.3	100.000	77	0	0	4361	4437	11628	11552	2.58e-33	143
lcl|LYMC01000003.1	lcl|AL009126.3	100.000	77	0	0	4361	4437	32096	32020	2.58e-33	143
lcl|LYMC01000003.1	lcl|AL009126.3	100.000	77	0	0	4734	4810	952776	952700	2.58e-33	143
lcl|LYMC01000003.1	lcl|AL009126.3	100.000	76	0	0	4735	4810	166033	165958	9.28e-33	141
